[24-Oct-2020 13:35:47 UTC] Now crawling: https://www.startupindia.gov.in/content/sih/en/government-schemes/venture-capital-scheme.html<br/>
[24-Oct-2020 13:35:55 UTC] Rule ID 0 for https://www.startupindia.gov.in/content/sih/en/government-schemes/venture-capital-scheme.html successfully run! 1 posts created!<br/>
[24-Oct-2020 13:42:50 UTC] Now crawling: https://www.startupindia.gov.in/content/sih/en/government-schemes/high-risk-high-reward.html<br/>
[24-Oct-2020 13:42:59 UTC] Rule ID 1 for https://www.startupindia.gov.in/content/sih/en/government-schemes/high-risk-high-reward.html successfully run! 1 posts created!<br/>
[24-Oct-2020 13:58:36 UTC] The query you defined returned no results. Please check it. Rule ID: 0<br/>
[25-Oct-2020 14:04:22 UTC] The query you defined returned no results. Please check it. Rule ID: 0<br/>
[25-Oct-2020 14:04:22 UTC] The query you defined returned no results. Please check it. Rule ID: 1<br/>
[25-Oct-2020 14:04:30 UTC] The query you defined returned no results. Please check it. Rule ID: 2<br/>
[26-Oct-2020 14:58:18 UTC] The query you defined returned no results. Please check it. Rule ID: 0<br/>
[26-Oct-2020 14:58:21 UTC] The query you defined returned no results. Please check it. Rule ID: 1<br/>
[26-Oct-2020 14:58:28 UTC] The query you defined returned no results. Please check it. Rule ID: 2<br/>
[27-Oct-2020 07:59:40 UTC] The query you defined returned no results. Please check it. Rule ID: 3<br/>
[27-Oct-2020 14:58:04 UTC] The query you defined returned no results. Please check it. Rule ID: 0<br/>
[27-Oct-2020 14:58:05 UTC] The query you defined returned no results. Please check it. Rule ID: 1<br/>
[27-Oct-2020 14:58:08 UTC] The query you defined returned no results. Please check it. Rule ID: 2<br/>
[28-Oct-2020 09:00:33 UTC] The query you defined returned no results. Please check it. Rule ID: 3<br/>
[28-Oct-2020 14:59:30 UTC] The query you defined returned no results. Please check it. Rule ID: 0<br/>
[28-Oct-2020 14:59:31 UTC] The query you defined returned no results. Please check it. Rule ID: 1<br/>
[28-Oct-2020 14:59:33 UTC] The query you defined returned no results. Please check it. Rule ID: 2<br/>
[29-Oct-2020 09:58:49 UTC] The query you defined returned no results. Please check it. Rule ID: 3<br/>
[29-Oct-2020 14:58:34 UTC] The query you defined returned no results. Please check it. Rule ID: 0<br/>
[29-Oct-2020 14:58:34 UTC] The query you defined returned no results. Please check it. Rule ID: 1<br/>
[29-Oct-2020 14:58:38 UTC] The query you defined returned no results. Please check it. Rule ID: 2<br/>
[30-Oct-2020 09:59:17 UTC] The query you defined returned no results. Please check it. Rule ID: 3<br/>
[30-Oct-2020 14:58:10 UTC] The query you defined returned no results. Please check it. Rule ID: 0<br/>
[30-Oct-2020 14:58:10 UTC] The query you defined returned no results. Please check it. Rule ID: 1<br/>
[30-Oct-2020 14:58:13 UTC] The query you defined returned no results. Please check it. Rule ID: 2<br/>
[31-Oct-2020 09:58:45 UTC] The query you defined returned no results. Please check it. Rule ID: 3<br/>
[31-Oct-2020 14:58:17 UTC] The query you defined returned no results. Please check it. Rule ID: 0<br/>
[31-Oct-2020 14:58:17 UTC] The query you defined returned no results. Please check it. Rule ID: 1<br/>
[31-Oct-2020 14:58:20 UTC] The query you defined returned no results. Please check it. Rule ID: 2<br/>
[1-Nov-2020 09:58:34 UTC] The query you defined returned no results. Please check it. Rule ID: 3<br/>
[1-Nov-2020 14:58:25 UTC] The query you defined returned no results. Please check it. Rule ID: 0<br/>
[1-Nov-2020 14:58:25 UTC] The query you defined returned no results. Please check it. Rule ID: 1<br/>
[1-Nov-2020 14:58:28 UTC] The query you defined returned no results. Please check it. Rule ID: 2<br/>
[2-Nov-2020 09:57:59 UTC] The query you defined returned no results. Please check it. Rule ID: 3<br/>
[2-Nov-2020 14:58:12 UTC] The query you defined returned no results. Please check it. Rule ID: 0<br/>
[2-Nov-2020 14:58:12 UTC] The query you defined returned no results. Please check it. Rule ID: 1<br/>
[2-Nov-2020 14:58:14 UTC] The query you defined returned no results. Please check it. Rule ID: 2<br/>
[3-Nov-2020 10:09:13 UTC] The query you defined returned no results. Please check it. Rule ID: 3<br/>
[3-Nov-2020 15:01:01 UTC] The query you defined returned no results. Please check it. Rule ID: 0<br/>
[3-Nov-2020 15:01:01 UTC] The query you defined returned no results. Please check it. Rule ID: 1<br/>
[3-Nov-2020 15:01:04 UTC] The query you defined returned no results. Please check it. Rule ID: 2<br/>
[4-Nov-2020 10:58:16 UTC] The query you defined returned no results. Please check it. Rule ID: 3<br/>
[4-Nov-2020 15:00:44 UTC] The query you defined returned no results. Please check it. Rule ID: 0<br/>
[4-Nov-2020 15:00:45 UTC] The query you defined returned no results. Please check it. Rule ID: 1<br/>
[4-Nov-2020 15:00:48 UTC] The query you defined returned no results. Please check it. Rule ID: 2<br/>
[5-Nov-2020 11:09:07 UTC] The query you defined returned no results. Please check it. Rule ID: 3<br/>
[5-Nov-2020 16:03:07 UTC] The query you defined returned no results. Please check it. Rule ID: 0<br/>
[5-Nov-2020 16:03:07 UTC] The query you defined returned no results. Please check it. Rule ID: 1<br/>
[5-Nov-2020 16:03:09 UTC] The query you defined returned no results. Please check it. Rule ID: 2<br/>
[6-Nov-2020 11:59:43 UTC] The query you defined returned no results. Please check it. Rule ID: 3<br/>
[6-Nov-2020 16:02:13 UTC] The query you defined returned no results. Please check it. Rule ID: 0<br/>
[6-Nov-2020 16:02:13 UTC] The query you defined returned no results. Please check it. Rule ID: 1<br/>
[6-Nov-2020 16:02:16 UTC] The query you defined returned no results. Please check it. Rule ID: 2<br/>
[7-Nov-2020 13:09:25 UTC] The query you defined returned no results. Please check it. Rule ID: 3<br/>
[7-Nov-2020 16:58:01 UTC] The query you defined returned no results. Please check it. Rule ID: 0<br/>
[7-Nov-2020 16:58:02 UTC] The query you defined returned no results. Please check it. Rule ID: 1<br/>
[7-Nov-2020 16:58:04 UTC] The query you defined returned no results. Please check it. Rule ID: 2<br/>
[8-Nov-2020 14:01:44 UTC] The query you defined returned no results. Please check it. Rule ID: 3<br/>
[8-Nov-2020 16:59:54 UTC] The query you defined returned no results. Please check it. Rule ID: 0<br/>
[8-Nov-2020 16:59:54 UTC] The query you defined returned no results. Please check it. Rule ID: 1<br/>
[8-Nov-2020 16:59:57 UTC] The query you defined returned no results. Please check it. Rule ID: 2<br/>
[9-Nov-2020 14:01:08 UTC] The query you defined returned no results. Please check it. Rule ID: 3<br/>
[9-Nov-2020 17:19:13 UTC] The query you defined returned no results. Please check it. Rule ID: 0<br/>
[9-Nov-2020 17:19:13 UTC] The query you defined returned no results. Please check it. Rule ID: 1<br/>
[9-Nov-2020 17:19:16 UTC] The query you defined returned no results. Please check it. Rule ID: 2<br/>
[10-Nov-2020 14:01:55 UTC] Failed to exec curl in crawlomatic_curl_exec_utf8! https://uttarakhandtourism.gov.in/destination/mussoorie/ - err: Connection timed out after 10001 milliseconds - 28 url: https://uttarakhandtourism.gov.in/destination/mussoorie/<br/>
[10-Nov-2020 14:01:55 UTC] Failed to get source web page, importing will not run! <br/>
[10-Nov-2020 18:27:27 UTC] The query you defined returned no results. Please check it. Rule ID: 0<br/>
[10-Nov-2020 18:27:28 UTC] The query you defined returned no results. Please check it. Rule ID: 1<br/>
[10-Nov-2020 18:27:31 UTC] The query you defined returned no results. Please check it. Rule ID: 2<br/>
[11-Nov-2020 15:03:02 UTC] Failed to exec curl in crawlomatic_curl_exec_utf8! https://uttarakhandtourism.gov.in/destination/mussoorie/ - err: Connection timed out after 10001 milliseconds - 28 url: https://uttarakhandtourism.gov.in/destination/mussoorie/<br/>
[11-Nov-2020 15:03:02 UTC] Failed to get source web page, importing will not run! <br/>
[11-Nov-2020 19:02:42 UTC] The query you defined returned no results. Please check it. Rule ID: 0<br/>
[11-Nov-2020 19:02:43 UTC] The query you defined returned no results. Please check it. Rule ID: 1<br/>
[11-Nov-2020 19:02:45 UTC] The query you defined returned no results. Please check it. Rule ID: 2<br/>
[12-Nov-2020 15:05:36 UTC] The query you defined returned no results. Please check it. Rule ID: 3<br/>
[12-Nov-2020 19:59:24 UTC] The query you defined returned no results. Please check it. Rule ID: 0<br/>
[12-Nov-2020 19:59:24 UTC] The query you defined returned no results. Please check it. Rule ID: 1<br/>
[12-Nov-2020 19:59:27 UTC] The query you defined returned no results. Please check it. Rule ID: 2<br/>
[13-Nov-2020 15:08:57 UTC] The query you defined returned no results. Please check it. Rule ID: 3<br/>
[13-Nov-2020 21:49:54 UTC] The query you defined returned no results. Please check it. Rule ID: 0<br/>
[13-Nov-2020 21:49:54 UTC] The query you defined returned no results. Please check it. Rule ID: 1<br/>
[13-Nov-2020 21:49:57 UTC] The query you defined returned no results. Please check it. Rule ID: 2<br/>
[14-Nov-2020 16:02:15 UTC] The query you defined returned no results. Please check it. Rule ID: 3<br/>
[14-Nov-2020 22:01:21 UTC] The query you defined returned no results. Please check it. Rule ID: 0<br/>
[14-Nov-2020 22:01:21 UTC] The query you defined returned no results. Please check it. Rule ID: 1<br/>
[14-Nov-2020 22:01:23 UTC] The query you defined returned no results. Please check it. Rule ID: 2<br/>
[15-Nov-2020 16:59:12 UTC] The query you defined returned no results. Please check it. Rule ID: 3<br/>
[15-Nov-2020 22:00:57 UTC] The query you defined returned no results. Please check it. Rule ID: 0<br/>
[15-Nov-2020 22:00:58 UTC] The query you defined returned no results. Please check it. Rule ID: 1<br/>
[15-Nov-2020 22:01:00 UTC] The query you defined returned no results. Please check it. Rule ID: 2<br/>
[16-Nov-2020 17:04:30 UTC] The query you defined returned no results. Please check it. Rule ID: 3<br/>
[16-Nov-2020 22:06:37 UTC] The query you defined returned no results. Please check it. Rule ID: 0<br/>
[16-Nov-2020 22:06:37 UTC] The query you defined returned no results. Please check it. Rule ID: 1<br/>
[16-Nov-2020 22:06:40 UTC] The query you defined returned no results. Please check it. Rule ID: 2<br/>
[17-Nov-2020 17:10:48 UTC] The query you defined returned no results. Please check it. Rule ID: 3<br/>
[17-Nov-2020 23:00:04 UTC] The query you defined returned no results. Please check it. Rule ID: 0<br/>
[17-Nov-2020 23:00:05 UTC] The query you defined returned no results. Please check it. Rule ID: 1<br/>
[17-Nov-2020 23:00:07 UTC] The query you defined returned no results. Please check it. Rule ID: 2<br/>
[18-Nov-2020 18:16:33 UTC] The query you defined returned no results. Please check it. Rule ID: 3<br/>
[18-Nov-2020 23:58:48 UTC] The query you defined returned no results. Please check it. Rule ID: 0<br/>
[18-Nov-2020 23:58:49 UTC] The query you defined returned no results. Please check it. Rule ID: 1<br/>
[18-Nov-2020 23:58:51 UTC] The query you defined returned no results. Please check it. Rule ID: 2<br/>
[19-Nov-2020 18:58:30 UTC] The query you defined returned no results. Please check it. Rule ID: 3<br/>
[19-Nov-2020 23:58:54 UTC] The query you defined returned no results. Please check it. Rule ID: 0<br/>
[19-Nov-2020 23:58:55 UTC] The query you defined returned no results. Please check it. Rule ID: 1<br/>
[19-Nov-2020 23:58:57 UTC] The query you defined returned no results. Please check it. Rule ID: 2<br/>
[20-Nov-2020 19:12:19 UTC] The query you defined returned no results. Please check it. Rule ID: 3<br/>
[21-Nov-2020 01:09:39 UTC] The query you defined returned no results. Please check it. Rule ID: 0<br/>
[21-Nov-2020 01:09:39 UTC] The query you defined returned no results. Please check it. Rule ID: 1<br/>
[21-Nov-2020 01:09:41 UTC] The query you defined returned no results. Please check it. Rule ID: 2<br/>
[21-Nov-2020 21:10:47 UTC] The query you defined returned no results. Please check it. Rule ID: 3<br/>
[22-Nov-2020 01:29:39 UTC] The query you defined returned no results. Please check it. Rule ID: 0<br/>
[22-Nov-2020 01:29:39 UTC] The query you defined returned no results. Please check it. Rule ID: 1<br/>
[22-Nov-2020 01:29:41 UTC] The query you defined returned no results. Please check it. Rule ID: 2<br/>
[22-Nov-2020 21:59:22 UTC] The query you defined returned no results. Please check it. Rule ID: 3<br/>
[23-Nov-2020 02:04:44 UTC] The query you defined returned no results. Please check it. Rule ID: 0<br/>
[23-Nov-2020 02:04:44 UTC] The query you defined returned no results. Please check it. Rule ID: 1<br/>
[23-Nov-2020 02:04:46 UTC] The query you defined returned no results. Please check it. Rule ID: 2<br/>
[23-Nov-2020 22:00:12 UTC] The query you defined returned no results. Please check it. Rule ID: 3<br/>
[24-Nov-2020 02:58:04 UTC] The query you defined returned no results. Please check it. Rule ID: 0<br/>
[24-Nov-2020 02:58:04 UTC] The query you defined returned no results. Please check it. Rule ID: 1<br/>
[24-Nov-2020 02:58:07 UTC] The query you defined returned no results. Please check it. Rule ID: 2<br/>
[24-Nov-2020 21:59:18 UTC] The query you defined returned no results. Please check it. Rule ID: 3<br/>
[25-Nov-2020 03:23:21 UTC] The query you defined returned no results. Please check it. Rule ID: 0<br/>
[25-Nov-2020 03:23:21 UTC] The query you defined returned no results. Please check it. Rule ID: 1<br/>
[25-Nov-2020 03:23:24 UTC] The query you defined returned no results. Please check it. Rule ID: 2<br/>
[25-Nov-2020 23:26:39 UTC] The query you defined returned no results. Please check it. Rule ID: 3<br/>
[26-Nov-2020 04:20:35 UTC] The query you defined returned no results. Please check it. Rule ID: 0<br/>
[26-Nov-2020 04:20:35 UTC] The query you defined returned no results. Please check it. Rule ID: 1<br/>
[26-Nov-2020 04:20:37 UTC] The query you defined returned no results. Please check it. Rule ID: 2<br/>
[27-Nov-2020 00:02:20 UTC] The query you defined returned no results. Please check it. Rule ID: 3<br/>
[27-Nov-2020 04:59:39 UTC] The query you defined returned no results. Please check it. Rule ID: 0<br/>
[27-Nov-2020 04:59:40 UTC] The query you defined returned no results. Please check it. Rule ID: 1<br/>
[27-Nov-2020 04:59:42 UTC] The query you defined returned no results. Please check it. Rule ID: 2<br/>
[28-Nov-2020 00:07:55 UTC] The query you defined returned no results. Please check it. Rule ID: 3<br/>
[28-Nov-2020 05:03:50 UTC] The query you defined returned no results. Please check it. Rule ID: 0<br/>
[28-Nov-2020 05:03:50 UTC] The query you defined returned no results. Please check it. Rule ID: 1<br/>
[28-Nov-2020 05:03:53 UTC] The query you defined returned no results. Please check it. Rule ID: 2<br/>
