[17-Oct-2020 19:58:42 UTC] Error in parsing RSS feed (custom method): cURL error 28: Operation timed out after 10001 milliseconds with 0 bytes received for https://www.hindustantimes.com/rss/tennis/rssfeed.xml!<br/>
[26-Oct-2020 07:00:14 UTC] Error in parsing RSS feed (custom method): cURL error 22: The requested URL returned error: 403  for https://www.indiatoday.in/rss/1206509!<br/>
[26-Oct-2020 07:00:16 UTC] Error in parsing RSS feed (custom method): cURL error 22: The requested URL returned error: 403  for https://www.indiatoday.in/rss/1206514!<br/>
[26-Oct-2020 08:06:06 UTC] Error in parsing RSS feed (custom method): cURL error 22: The requested URL returned error: 403  for https://www.indiatoday.in/rss/1206550!<br/>
[26-Oct-2020 13:58:12 UTC] Error in parsing RSS feed (custom method): cURL error 22: The requested URL returned error: 403  for https://www.indiatoday.in/rss/1206509!<br/>
[26-Oct-2020 13:58:13 UTC] Error in parsing RSS feed (custom method): cURL error 22: The requested URL returned error: 403  for https://www.indiatoday.in/rss/1206514!<br/>
[26-Oct-2020 13:58:15 UTC] Error in parsing RSS feed (custom method): cURL error 22: The requested URL returned error: 403  for https://www.indiatoday.in/rss/1206550!<br/>
[26-Oct-2020 15:58:52 UTC] Error in parsing RSS feed (custom method): cURL error 22: The requested URL returned error: 403  for https://www.indiatoday.in/rss/1206550!<br/>
[26-Oct-2020 19:59:12 UTC] Error in parsing RSS feed (custom method): cURL error 22: The requested URL returned error: 403  for https://www.indiatoday.in/rss/1206509!<br/>
[26-Oct-2020 19:59:12 UTC] Error in parsing RSS feed (custom method): cURL error 22: The requested URL returned error: 403  for https://www.indiatoday.in/rss/1206514!<br/>
[26-Oct-2020 23:00:14 UTC] Error in parsing RSS feed (custom method): cURL error 22: The requested URL returned error: 403  for https://www.indiatoday.in/rss/1206550!<br/>
[26-Oct-2020 23:00:14 UTC] Error in parsing RSS feed (custom method): cURL error 22: The requested URL returned error: 403  for https://www.indiatoday.in/rss/1206550!<br/>
[27-Oct-2020 01:59:59 UTC] Error in parsing RSS feed (custom method): cURL error 22: The requested URL returned error: 403  for https://www.indiatoday.in/rss/1206509!<br/>
[27-Oct-2020 01:59:59 UTC] Error in parsing RSS feed (custom method): cURL error 22: The requested URL returned error: 403  for https://www.indiatoday.in/rss/1206514!<br/>
[27-Oct-2020 06:06:06 UTC] Error in parsing RSS feed (custom method): cURL error 22: The requested URL returned error: 403  for https://www.indiatoday.in/rss/1206550!<br/>
[27-Oct-2020 08:59:14 UTC] Error in parsing RSS feed (custom method): cURL error 22: The requested URL returned error: 403  for https://www.indiatoday.in/rss/1206509!<br/>
[27-Oct-2020 08:59:17 UTC] Error in parsing RSS feed (custom method): cURL error 22: The requested URL returned error: 403  for https://www.indiatoday.in/rss/1206514!<br/>
[27-Oct-2020 08:59:17 UTC] Error in parsing RSS feed (custom method): cURL error 22: The requested URL returned error: 403  for https://www.indiatoday.in/rss/1206550!<br/>
[27-Oct-2020 14:02:57 UTC] Error in parsing RSS feed (custom method): cURL error 22: The requested URL returned error: 403  for https://www.indiatoday.in/rss/1206550!<br/>
[27-Oct-2020 16:02:39 UTC] Error in parsing RSS feed (custom method): cURL error 22: The requested URL returned error: 403  for https://www.indiatoday.in/rss/1206509!<br/>
[27-Oct-2020 16:02:39 UTC] Error in parsing RSS feed (custom method): cURL error 22: The requested URL returned error: 403  for https://www.indiatoday.in/rss/1206514!<br/>
[27-Oct-2020 17:58:21 UTC] Error in parsing RSS feed (custom method): cURL error 22: The requested URL returned error: 403  for https://www.indiatoday.in/rss/1206550!<br/>
[27-Oct-2020 22:02:16 UTC] Error in parsing RSS feed (custom method): cURL error 22: The requested URL returned error: 403  for https://www.indiatoday.in/rss/1206509!<br/>
[27-Oct-2020 22:02:19 UTC] Error in parsing RSS feed (custom method): cURL error 22: The requested URL returned error: 403  for https://www.indiatoday.in/rss/1206550!<br/>
[27-Oct-2020 22:02:19 UTC] Error in parsing RSS feed (custom method): cURL error 22: The requested URL returned error: 403  for https://www.indiatoday.in/rss/1206514!<br/>
[28-Oct-2020 02:58:21 UTC] Error in parsing RSS feed (custom method): cURL error 22: The requested URL returned error: 403  for https://www.indiatoday.in/rss/1206550!<br/>
[28-Oct-2020 04:58:18 UTC] Error in parsing RSS feed (custom method): cURL error 22: The requested URL returned error: 403  for https://www.indiatoday.in/rss/1206509!<br/>
[28-Oct-2020 04:58:18 UTC] Error in parsing RSS feed (custom method): cURL error 22: The requested URL returned error: 403  for https://www.indiatoday.in/rss/1206514!<br/>
[28-Oct-2020 06:00:40 UTC] Error in parsing RSS feed (custom method): cURL error 22: The requested URL returned error: 403  for https://www.indiatoday.in/rss/1206550!<br/>
[28-Oct-2020 10:58:06 UTC] Error in parsing RSS feed (custom method): cURL error 22: The requested URL returned error: 403  for https://www.indiatoday.in/rss/1206509!<br/>
[28-Oct-2020 10:58:06 UTC] Error in parsing RSS feed (custom method): cURL error 22: The requested URL returned error: 403  for https://www.indiatoday.in/rss/1206514!<br/>
[28-Oct-2020 12:00:48 UTC] Error in parsing RSS feed (custom method): cURL error 22: The requested URL returned error: 403  for https://www.indiatoday.in/rss/1206550!<br/>
[28-Oct-2020 13:00:18 UTC] Error in parsing RSS feed (custom method): cURL error 22: The requested URL returned error: 403  for https://www.indiatoday.in/rss/1206550!<br/>
[28-Oct-2020 16:58:13 UTC] Error in parsing RSS feed (custom method): cURL error 22: The requested URL returned error: 403  for https://www.indiatoday.in/rss/1206509!<br/>
[28-Oct-2020 16:58:16 UTC] Error in parsing RSS feed (custom method): cURL error 22: The requested URL returned error: 403  for https://www.indiatoday.in/rss/1206514!<br/>
[28-Oct-2020 20:58:49 UTC] Error in parsing RSS feed (custom method): cURL error 22: The requested URL returned error: 403  for https://www.indiatoday.in/rss/1206550!<br/>
[28-Oct-2020 21:58:19 UTC] Error in parsing RSS feed (custom method): cURL error 22: The requested URL returned error: 403  for https://www.indiatoday.in/rss/1206550!<br/>
[28-Oct-2020 22:58:24 UTC] Error in parsing RSS feed (custom method): cURL error 22: The requested URL returned error: 403  for https://www.indiatoday.in/rss/1206509!<br/>
[28-Oct-2020 22:58:24 UTC] Error in parsing RSS feed (custom method): cURL error 22: The requested URL returned error: 403  for https://www.indiatoday.in/rss/1206514!<br/>
[29-Oct-2020 03:58:40 UTC] Error in parsing RSS feed (custom method): cURL error 22: The requested URL returned error: 403  for https://www.indiatoday.in/rss/1206550!<br/>
[29-Oct-2020 05:00:14 UTC] Error in parsing RSS feed (custom method): cURL error 22: The requested URL returned error: 403  for https://www.indiatoday.in/rss/1206509!<br/>
[29-Oct-2020 05:00:17 UTC] Error in parsing RSS feed (custom method): cURL error 22: The requested URL returned error: 403  for https://www.indiatoday.in/rss/1206514!<br/>
[29-Oct-2020 06:59:41 UTC] Error in parsing RSS feed (custom method): cURL error 22: The requested URL returned error: 403  for https://www.indiatoday.in/rss/1206550!<br/>
[29-Oct-2020 10:59:36 UTC] Error in parsing RSS feed (custom method): cURL error 22: The requested URL returned error: 403  for https://www.indiatoday.in/rss/1206509!<br/>
[29-Oct-2020 10:59:39 UTC] Error in parsing RSS feed (custom method): cURL error 22: The requested URL returned error: 403  for https://www.indiatoday.in/rss/1206550!<br/>
[29-Oct-2020 10:59:39 UTC] Error in parsing RSS feed (custom method): cURL error 22: The requested URL returned error: 403  for https://www.indiatoday.in/rss/1206514!<br/>
[29-Oct-2020 17:00:45 UTC] Error in parsing RSS feed (custom method): cURL error 22: The requested URL returned error: 403  for https://www.indiatoday.in/rss/1206509!<br/>
[29-Oct-2020 17:00:46 UTC] Error in parsing RSS feed (custom method): cURL error 22: The requested URL returned error: 403  for https://www.indiatoday.in/rss/1206514!<br/>
[29-Oct-2020 17:00:49 UTC] Error in parsing RSS feed (custom method): cURL error 22: The requested URL returned error: 403  for https://www.indiatoday.in/rss/1206550!<br/>
[29-Oct-2020 17:59:55 UTC] Error in parsing RSS feed (custom method): cURL error 22: The requested URL returned error: 403  for https://www.indiatoday.in/rss/1206550!<br/>
[29-Oct-2020 18:59:08 UTC] [FATAL] Exit error: Uncaught Error: Call to undefined function submit_button() in /home/brnfullstack/public_html/wp-admin/includes/file.php:2269
Stack trace:
#0 /home/brnfullstack/public_html/wp-content/plugins/rss-feed-post-generator-echo/res/simplepie/library/SimplePie/Misc.php(2212): request_filesystem_credentials('https://brnfull...')
#1 /home/brnfullstack/public_html/wp-content/plugins/rss-feed-post-generator-echo/res/simplepie/library/SimplePie.php(59): SimplePie_Misc::get_build()
#2 /home/brnfullstack/public_html/wp-content/plugins/rss-feed-post-generator-echo/res/simplepie/autoloader.php(83): include('/home/brnfullst...')
#3 [internal function]: SimplePie_Autoloader->autoload('SimplePie')
#4 [internal function]: spl_autoload_call('SimplePie')
#5 /home/brnfullstack/public_html/wp-content/plugins/rss-feed-post-generator-echo/res/simplepie/autoloader.php(48): class_exists('SimplePie')
#6 /home/brnfullstack/public_html/wp-content/plugins/rss-feed-post-generator-echo/rss-feed-post-generator-echo.php(3630): require_once('/home, file: /home/brnfullstack/public_html/wp-admin/includes/file.php, line: 2269 - rule ID: 5f799d751e9893.84767559!<br/>
[29-Oct-2020 23:58:59 UTC] Error in parsing RSS feed (custom method): cURL error 22: The requested URL returned error: 403  for https://www.indiatoday.in/rss/1206509!<br/>
[29-Oct-2020 23:59:03 UTC] Error in parsing RSS feed (custom method): cURL error 22: The requested URL returned error: 403  for https://www.indiatoday.in/rss/1206514!<br/>
[30-Oct-2020 00:59:24 UTC] Error in parsing RSS feed (custom method): cURL error 22: The requested URL returned error: 403  for https://www.indiatoday.in/rss/1206550!<br/>
[30-Oct-2020 02:58:17 UTC] Error in parsing RSS feed (custom method): cURL error 22: The requested URL returned error: 403  for https://www.indiatoday.in/rss/1206550!<br/>
[30-Oct-2020 05:58:58 UTC] Error in parsing RSS feed (custom method): cURL error 22: The requested URL returned error: 403  for https://www.indiatoday.in/rss/1206509!<br/>
[30-Oct-2020 05:58:58 UTC] Error in parsing RSS feed (custom method): cURL error 22: The requested URL returned error: 403  for https://www.indiatoday.in/rss/1206514!<br/>
[30-Oct-2020 07:58:26 UTC] Error in parsing RSS feed (custom method): cURL error 22: The requested URL returned error: 403  for https://www.indiatoday.in/rss/1206550!<br/>
[30-Oct-2020 11:58:08 UTC] Error in parsing RSS feed (custom method): cURL error 22: The requested URL returned error: 403  for https://www.indiatoday.in/rss/1206509!<br/>
[30-Oct-2020 11:58:12 UTC] Error in parsing RSS feed (custom method): cURL error 22: The requested URL returned error: 403  for https://www.indiatoday.in/rss/1206514!<br/>
[30-Oct-2020 11:58:12 UTC] Error in parsing RSS feed (custom method): cURL error 22: The requested URL returned error: 403  for https://www.indiatoday.in/rss/1206550!<br/>
[30-Oct-2020 15:58:23 UTC] Error in parsing RSS feed (custom method): cURL error 22: The requested URL returned error: 403  for https://www.indiatoday.in/rss/1206550!<br/>
[30-Oct-2020 17:59:31 UTC] Error in parsing RSS feed (custom method): cURL error 22: The requested URL returned error: 403  for https://www.indiatoday.in/rss/1206509!<br/>
[30-Oct-2020 17:59:31 UTC] Error in parsing RSS feed (custom method): cURL error 22: The requested URL returned error: 403  for https://www.indiatoday.in/rss/1206514!<br/>
[30-Oct-2020 20:58:26 UTC] Error in parsing RSS feed (custom method): cURL error 22: The requested URL returned error: 403  for https://www.indiatoday.in/rss/1206550!<br/>
[30-Oct-2020 22:59:44 UTC] Error in parsing RSS feed (custom method): cURL error 22: The requested URL returned error: 403  for https://www.indiatoday.in/rss/1206550!<br/>
[30-Oct-2020 23:59:00 UTC] Error in parsing RSS feed (custom method): cURL error 22: The requested URL returned error: 403  for https://www.indiatoday.in/rss/1206509!<br/>
[30-Oct-2020 23:59:04 UTC] Error in parsing RSS feed (custom method): cURL error 22: The requested URL returned error: 403  for https://www.indiatoday.in/rss/1206514!<br/>
[31-Oct-2020 05:58:24 UTC] Error in parsing RSS feed (custom method): cURL error 22: The requested URL returned error: 403  for https://www.indiatoday.in/rss/1206509!<br/>
[31-Oct-2020 05:58:28 UTC] Error in parsing RSS feed (custom method): cURL error 22: The requested URL returned error: 403  for https://www.indiatoday.in/rss/1206514!<br/>
[31-Oct-2020 05:58:29 UTC] Error in parsing RSS feed (custom method): cURL error 22: The requested URL returned error: 403  for https://www.indiatoday.in/rss/1206550!<br/>
[31-Oct-2020 06:59:01 UTC] Error in parsing RSS feed (custom method): cURL error 22: The requested URL returned error: 403  for https://www.indiatoday.in/rss/1206550!<br/>
[31-Oct-2020 11:58:52 UTC] Error in parsing RSS feed (custom method): cURL error 22: The requested URL returned error: 403  for https://www.indiatoday.in/rss/1206509!<br/>
[31-Oct-2020 11:58:56 UTC] Error in parsing RSS feed (custom method): cURL error 22: The requested URL returned error: 403  for https://www.indiatoday.in/rss/1206514!<br/>
[31-Oct-2020 13:59:00 UTC] Error in parsing RSS feed (custom method): cURL error 22: The requested URL returned error: 403  for https://www.indiatoday.in/rss/1206550!<br/>
[31-Oct-2020 15:59:44 UTC] Error in parsing RSS feed (custom method): cURL error 22: The requested URL returned error: 403  for https://www.indiatoday.in/rss/1206550!<br/>
[31-Oct-2020 17:59:52 UTC] Error in parsing RSS feed (custom method): cURL error 22: The requested URL returned error: 403  for https://www.indiatoday.in/rss/1206509!<br/>
[31-Oct-2020 17:59:52 UTC] Error in parsing RSS feed (custom method): cURL error 22: The requested URL returned error: 403  for https://www.indiatoday.in/rss/1206514!<br/>
[31-Oct-2020 20:58:54 UTC] Error in parsing RSS feed (custom method): cURL error 22: The requested URL returned error: 403  for https://www.indiatoday.in/rss/1206550!<br/>
[1-Nov-2020 00:58:08 UTC] Error in parsing RSS feed (custom method): cURL error 22: The requested URL returned error: 403  for https://www.indiatoday.in/rss/1206509!<br/>
[1-Nov-2020 00:58:10 UTC] Error in parsing RSS feed (custom method): cURL error 22: The requested URL returned error: 403  for https://www.indiatoday.in/rss/1206514!<br/>
[1-Nov-2020 01:58:52 UTC] Error in parsing RSS feed (custom method): cURL error 22: The requested URL returned error: 403  for https://www.indiatoday.in/rss/1206550!<br/>
[1-Nov-2020 03:59:43 UTC] Error in parsing RSS feed (custom method): cURL error 22: The requested URL returned error: 403  for https://www.indiatoday.in/rss/1206550!<br/>
[1-Nov-2020 06:58:33 UTC] Error in parsing RSS feed (custom method): cURL error 22: The requested URL returned error: 403  for https://www.indiatoday.in/rss/1206509!<br/>
[1-Nov-2020 06:58:34 UTC] Error in parsing RSS feed (custom method): cURL error 22: The requested URL returned error: 403  for https://www.indiatoday.in/rss/1206514!<br/>
[1-Nov-2020 10:58:14 UTC] Error in parsing RSS feed (custom method): cURL error 22: The requested URL returned error: 403  for https://www.indiatoday.in/rss/1206550!<br/>
[1-Nov-2020 11:59:56 UTC] Error in parsing RSS feed (custom method): cURL error 22: The requested URL returned error: 403  for https://www.indiatoday.in/rss/1206550!<br/>
[1-Nov-2020 12:59:27 UTC] Error in parsing RSS feed (custom method): cURL error 22: The requested URL returned error: 403  for https://www.indiatoday.in/rss/1206509!<br/>
[1-Nov-2020 12:59:31 UTC] Error in parsing RSS feed (custom method): cURL error 22: The requested URL returned error: 403  for https://www.indiatoday.in/rss/1206514!<br/>
[1-Nov-2020 18:59:08 UTC] Error in parsing RSS feed (custom method): cURL error 22: The requested URL returned error: 403  for https://www.indiatoday.in/rss/1206509!<br/>
[1-Nov-2020 18:59:11 UTC] Error in parsing RSS feed (custom method): cURL error 22: The requested URL returned error: 403  for https://www.indiatoday.in/rss/1206550!<br/>
[1-Nov-2020 18:59:11 UTC] Error in parsing RSS feed (custom method): cURL error 22: The requested URL returned error: 403  for https://www.indiatoday.in/rss/1206514!<br/>
[1-Nov-2020 19:59:08 UTC] Error in parsing RSS feed (custom method): cURL error 22: The requested URL returned error: 403  for https://www.indiatoday.in/rss/1206550!<br/>
[2-Nov-2020 00:58:22 UTC] Error in parsing RSS feed (custom method): cURL error 22: The requested URL returned error: 403  for https://www.indiatoday.in/rss/1206509!<br/>
[2-Nov-2020 00:58:22 UTC] Error in parsing RSS feed (custom method): cURL error 22: The requested URL returned error: 403  for https://www.indiatoday.in/rss/1206514!<br/>
[2-Nov-2020 01:58:43 UTC] Error in parsing RSS feed (custom method): cURL error 22: The requested URL returned error: 403  for https://www.indiatoday.in/rss/1206550!<br/>
[2-Nov-2020 04:59:49 UTC] Error in parsing RSS feed (custom method): cURL error 22: The requested URL returned error: 403  for https://www.indiatoday.in/rss/1206550!<br/>
[2-Nov-2020 06:58:03 UTC] Error in parsing RSS feed (custom method): cURL error 22: The requested URL returned error: 403  for https://www.indiatoday.in/rss/1206509!<br/>
[2-Nov-2020 06:58:04 UTC] Error in parsing RSS feed (custom method): cURL error 22: The requested URL returned error: 403  for https://www.indiatoday.in/rss/1206514!<br/>
[2-Nov-2020 08:58:05 UTC] Error in parsing RSS feed (custom method): cURL error 22: The requested URL returned error: 403  for https://www.indiatoday.in/rss/1206550!<br/>
[2-Nov-2020 12:58:48 UTC] Error in parsing RSS feed (custom method): cURL error 22: The requested URL returned error: 403  for https://www.indiatoday.in/rss/1206509!<br/>
[2-Nov-2020 12:58:48 UTC] Error in parsing RSS feed (custom method): cURL error 22: The requested URL returned error: 403  for https://www.indiatoday.in/rss/1206514!<br/>
[2-Nov-2020 14:58:22 UTC] Error in parsing RSS feed (custom method): cURL error 22: The requested URL returned error: 403  for https://www.indiatoday.in/rss/1206550!<br/>
[2-Nov-2020 15:58:24 UTC] Error in parsing RSS feed (custom method): cURL error 22: The requested URL returned error: 403  for https://www.indiatoday.in/rss/1206550!<br/>
[2-Nov-2020 18:59:25 UTC] Error in parsing RSS feed (custom method): cURL error 22: The requested URL returned error: 403  for https://www.indiatoday.in/rss/1206509!<br/>
[2-Nov-2020 18:59:32 UTC] Error in parsing RSS feed (custom method): cURL error 22: The requested URL returned error: 403  for https://www.indiatoday.in/rss/1206514!<br/>
[2-Nov-2020 23:22:38 UTC] Error in parsing RSS feed (custom method): cURL error 22: The requested URL returned error: 403  for https://www.indiatoday.in/rss/1206550!<br/>
[3-Nov-2020 00:15:57 UTC] Error in parsing RSS feed (custom method): cURL error 22: The requested URL returned error: 403  for https://www.indiatoday.in/rss/1206550!<br/>
[3-Nov-2020 01:07:25 UTC] Error in parsing RSS feed (custom method): cURL error 22: The requested URL returned error: 403  for https://www.indiatoday.in/rss/1206509!<br/>
[3-Nov-2020 01:07:25 UTC] Error in parsing RSS feed (custom method): cURL error 22: The requested URL returned error: 403  for https://www.indiatoday.in/rss/1206514!<br/>
[3-Nov-2020 06:59:54 UTC] Error in parsing RSS feed (custom method): cURL error 22: The requested URL returned error: 403  for https://www.indiatoday.in/rss/1206550!<br/>
[3-Nov-2020 08:09:10 UTC] Error in parsing RSS feed (custom method): cURL error 22: The requested URL returned error: 403  for https://www.indiatoday.in/rss/1206509!<br/>
[3-Nov-2020 08:09:13 UTC] Error in parsing RSS feed (custom method): cURL error 22: The requested URL returned error: 403  for https://www.indiatoday.in/rss/1206514!<br/>
[3-Nov-2020 10:09:19 UTC] Error in parsing RSS feed (custom method): cURL error 22: The requested URL returned error: 403  for https://www.indiatoday.in/rss/1206550!<br/>
[3-Nov-2020 14:00:41 UTC] Error in parsing RSS feed (custom method): cURL error 22: The requested URL returned error: 403  for https://www.indiatoday.in/rss/1206550!<br/>
[3-Nov-2020 16:00:46 UTC] Error in parsing RSS feed (custom method): cURL error 22: The requested URL returned error: 403  for https://www.indiatoday.in/rss/1206509!<br/>
[3-Nov-2020 16:00:46 UTC] Error in parsing RSS feed (custom method): cURL error 22: The requested URL returned error: 403  for https://www.indiatoday.in/rss/1206514!<br/>
[3-Nov-2020 19:59:37 UTC] Error in parsing RSS feed (custom method): cURL error 22: The requested URL returned error: 403  for https://www.indiatoday.in/rss/1206550!<br/>
[3-Nov-2020 21:58:29 UTC] Error in parsing RSS feed (custom method): cURL error 22: The requested URL returned error: 403  for https://www.indiatoday.in/rss/1206550!<br/>
[3-Nov-2020 22:58:03 UTC] Error in parsing RSS feed (custom method): cURL error 22: The requested URL returned error: 403  for https://www.indiatoday.in/rss/1206509!<br/>
[3-Nov-2020 22:58:03 UTC] Error in parsing RSS feed (custom method): cURL error 22: The requested URL returned error: 403  for https://www.indiatoday.in/rss/1206514!<br/>
[4-Nov-2020 05:04:33 UTC] Error in parsing RSS feed (custom method): cURL error 22: The requested URL returned error: 403  for https://www.indiatoday.in/rss/1206509!<br/>
[4-Nov-2020 05:04:36 UTC] Error in parsing RSS feed (custom method): cURL error 22: The requested URL returned error: 403  for https://www.indiatoday.in/rss/1206550!<br/>
[4-Nov-2020 05:04:36 UTC] Error in parsing RSS feed (custom method): cURL error 22: The requested URL returned error: 403  for https://www.indiatoday.in/rss/1206514!<br/>
[4-Nov-2020 05:04:36 UTC] Error in parsing RSS feed (custom method): cURL error 22: The requested URL returned error: 403  for https://www.indiatoday.in/rss/1206550!<br/>
[4-Nov-2020 12:00:52 UTC] Error in parsing RSS feed (custom method): cURL error 22: The requested URL returned error: 403  for https://www.indiatoday.in/rss/1206509!<br/>
[4-Nov-2020 12:00:55 UTC] Error in parsing RSS feed (custom method): cURL error 22: The requested URL returned error: 403  for https://www.indiatoday.in/rss/1206514!<br/>
[4-Nov-2020 12:58:49 UTC] Error in parsing RSS feed (custom method): cURL error 22: The requested URL returned error: 403  for https://www.indiatoday.in/rss/1206550!<br/>
[4-Nov-2020 15:01:02 UTC] Error in parsing RSS feed (custom method): cURL error 22: The requested URL returned error: 403  for https://www.indiatoday.in/rss/1206550!<br/>
[4-Nov-2020 18:59:26 UTC] Error in parsing RSS feed (custom method): cURL error 22: The requested URL returned error: 403  for https://www.indiatoday.in/rss/1206509!<br/>
[4-Nov-2020 18:59:26 UTC] Error in parsing RSS feed (custom method): cURL error 22: The requested URL returned error: 403  for https://www.indiatoday.in/rss/1206514!<br/>
[4-Nov-2020 19:58:59 UTC] Error in parsing RSS feed (custom method): cURL error 22: The requested URL returned error: 403  for https://www.indiatoday.in/rss/1206550!<br/>
[5-Nov-2020 00:00:34 UTC] Error in parsing RSS feed (custom method): cURL error 22: The requested URL returned error: 403  for https://www.indiatoday.in/rss/1206550!<br/>
[5-Nov-2020 00:59:13 UTC] Error in parsing RSS feed (custom method): cURL error 22: The requested URL returned error: 403  for https://www.indiatoday.in/rss/1206509!<br/>
[5-Nov-2020 00:59:14 UTC] Error in parsing RSS feed (custom method): cURL error 22: The requested URL returned error: 403  for https://www.indiatoday.in/rss/1206514!<br/>
[5-Nov-2020 02:58:44 UTC] Error in parsing RSS feed (custom method): cURL error 22: The requested URL returned error: 403  for https://www.indiatoday.in/rss/1206550!<br/>
[5-Nov-2020 06:59:42 UTC] Error in parsing RSS feed (custom method): cURL error 22: The requested URL returned error: 403  for https://www.indiatoday.in/rss/1206509!<br/>
[5-Nov-2020 06:59:48 UTC] Error in parsing RSS feed (custom method): cURL error 22: The requested URL returned error: 403  for https://www.indiatoday.in/rss/1206514!<br/>
[5-Nov-2020 09:59:44 UTC] Error in parsing RSS feed (custom method): cURL error 22: The requested URL returned error: 403  for https://www.indiatoday.in/rss/1206550!<br/>
[5-Nov-2020 09:59:44 UTC] Error in parsing RSS feed (custom method): cURL error 22: The requested URL returned error: 403  for https://www.indiatoday.in/rss/1206550!<br/>
[5-Nov-2020 12:58:58 UTC] Error in parsing RSS feed (custom method): cURL error 22: The requested URL returned error: 403  for https://www.indiatoday.in/rss/1206509!<br/>
[5-Nov-2020 12:58:58 UTC] Error in parsing RSS feed (custom method): cURL error 22: The requested URL returned error: 403  for https://www.indiatoday.in/rss/1206514!<br/>
[5-Nov-2020 17:03:52 UTC] Error in parsing RSS feed (custom method): cURL error 22: The requested URL returned error: 403  for https://www.indiatoday.in/rss/1206550!<br/>
[5-Nov-2020 19:00:42 UTC] Error in parsing RSS feed (custom method): cURL error 22: The requested URL returned error: 403  for https://www.indiatoday.in/rss/1206509!<br/>
[5-Nov-2020 19:00:46 UTC] Error in parsing RSS feed (custom method): cURL error 22: The requested URL returned error: 403  for https://www.indiatoday.in/rss/1206514!<br/>
[5-Nov-2020 19:00:46 UTC] Error in parsing RSS feed (custom method): cURL error 22: The requested URL returned error: 403  for https://www.indiatoday.in/rss/1206550!<br/>
[5-Nov-2020 23:58:28 UTC] Failed to exec curl in echo_curl_exec_utf8! Operation timed out after 10001 milliseconds with 0 bytes received - 28<br/>
[6-Nov-2020 00:58:36 UTC] Error in parsing RSS feed (custom method): cURL error 22: The requested URL returned error: 403  for https://www.indiatoday.in/rss/1206550!<br/>
[6-Nov-2020 01:58:04 UTC] Error in parsing RSS feed (custom method): cURL error 22: The requested URL returned error: 403  for https://www.indiatoday.in/rss/1206509!<br/>
[6-Nov-2020 01:58:05 UTC] Error in parsing RSS feed (custom method): cURL error 22: The requested URL returned error: 403  for https://www.indiatoday.in/rss/1206514!<br/>
[6-Nov-2020 04:02:34 UTC] Error in parsing RSS feed (custom method): cURL error 22: The requested URL returned error: 403  for https://www.indiatoday.in/rss/1206550!<br/>
[6-Nov-2020 08:02:00 UTC] Error in parsing RSS feed (custom method): cURL error 22: The requested URL returned error: 403  for https://www.indiatoday.in/rss/1206509!<br/>
[6-Nov-2020 08:02:00 UTC] Error in parsing RSS feed (custom method): cURL error 22: The requested URL returned error: 403  for https://www.indiatoday.in/rss/1206550!<br/>
[6-Nov-2020 08:02:01 UTC] Error in parsing RSS feed (custom method): cURL error 22: The requested URL returned error: 403  for https://www.indiatoday.in/rss/1206514!<br/>
[6-Nov-2020 09:58:12 UTC] Error in parsing RSS feed (custom method): cURL error 28: Connection timed out after 10010 milliseconds for https://zeenews.india.com/rss/blog-news.xml!<br/>
[6-Nov-2020 09:58:26 UTC] Error in parsing RSS feed (custom method): cURL error 28: Failed to connect to timesofindia.indiatimes.com port 443: Connection timed out for https://timesofindia.indiatimes.com/rssfeeds/2647163.cms!<br/>
[6-Nov-2020 09:58:39 UTC] Error in parsing RSS feed (custom method): cURL error 28: Connection timed out after 10001 milliseconds for https://www.hindustantimes.com/rss/entertainment/rssfeed.xml!<br/>
[6-Nov-2020 09:59:02 UTC] Failed to exec curl in echo_curl_exec_utf8! Connection timed out after 10010 milliseconds - 28<br/>
[6-Nov-2020 09:59:24 UTC] Failed to exec curl in echo_curl_exec_utf8! Connection timed out after 10009 milliseconds - 28<br/>
[6-Nov-2020 10:00:34 UTC] Failed to exec curl in echo_curl_exec_utf8! Connection timed out after 10000 milliseconds - 28<br/>
[6-Nov-2020 10:00:52 UTC] Error in parsing RSS feed (custom method): cURL error 28: Failed to connect to timesofindia.indiatimes.com port 443: Connection timed out for https://timesofindia.indiatimes.com/rssfeeds/296589292.cms!<br/>
[6-Nov-2020 13:04:55 UTC] Error in parsing RSS feed (custom method): cURL error 22: The requested URL returned error: 403  for https://www.indiatoday.in/rss/1206550!<br/>
[6-Nov-2020 15:00:18 UTC] Error in parsing RSS feed (custom method): cURL error 22: The requested URL returned error: 403  for https://www.indiatoday.in/rss/1206509!<br/>
[6-Nov-2020 15:00:18 UTC] Error in parsing RSS feed (custom method): cURL error 22: The requested URL returned error: 403  for https://www.indiatoday.in/rss/1206514!<br/>
[6-Nov-2020 16:59:24 UTC] Error in parsing RSS feed (custom method): cURL error 22: The requested URL returned error: 403  for https://www.indiatoday.in/rss/1206550!<br/>
[6-Nov-2020 22:00:31 UTC] Error in parsing RSS feed (custom method): cURL error 22: The requested URL returned error: 403  for https://www.indiatoday.in/rss/1206509!<br/>
[6-Nov-2020 22:00:31 UTC] Error in parsing RSS feed (custom method): cURL error 22: The requested URL returned error: 403  for https://www.indiatoday.in/rss/1206514!<br/>
[6-Nov-2020 22:59:02 UTC] Error in parsing RSS feed (custom method): cURL error 22: The requested URL returned error: 403  for https://www.indiatoday.in/rss/1206550!<br/>
[6-Nov-2020 23:58:39 UTC] Error in parsing RSS feed (custom method): cURL error 22: The requested URL returned error: 403  for https://www.indiatoday.in/rss/1206550!<br/>
[7-Nov-2020 05:00:59 UTC] Error in parsing RSS feed (custom method): cURL error 22: The requested URL returned error: 403  for https://www.indiatoday.in/rss/1206509!<br/>
[7-Nov-2020 05:01:06 UTC] Error in parsing RSS feed (custom method): cURL error 22: The requested URL returned error: 403  for https://www.indiatoday.in/rss/1206514!<br/>
[7-Nov-2020 07:01:58 UTC] Error in parsing RSS feed (custom method): cURL error 22: The requested URL returned error: 403  for https://www.indiatoday.in/rss/1206550!<br/>
[7-Nov-2020 08:09:47 UTC] Error in parsing RSS feed (custom method): cURL error 22: The requested URL returned error: 403  for https://www.indiatoday.in/rss/1206550!<br/>
[7-Nov-2020 11:58:22 UTC] Error in parsing RSS feed (custom method): cURL error 22: The requested URL returned error: 403  for https://www.indiatoday.in/rss/1206509!<br/>
[7-Nov-2020 11:58:25 UTC] Error in parsing RSS feed (custom method): cURL error 22: The requested URL returned error: 403  for https://www.indiatoday.in/rss/1206514!<br/>
[7-Nov-2020 15:01:00 UTC] Error in parsing RSS feed (custom method): cURL error 22: The requested URL returned error: 403  for https://www.indiatoday.in/rss/1206550!<br/>
[7-Nov-2020 17:59:02 UTC] Error in parsing RSS feed (custom method): cURL error 22: The requested URL returned error: 403  for https://www.indiatoday.in/rss/1206509!<br/>
[7-Nov-2020 17:59:10 UTC] Error in parsing RSS feed (custom method): cURL error 22: The requested URL returned error: 403  for https://www.indiatoday.in/rss/1206514!<br/>
[7-Nov-2020 17:59:10 UTC] Error in parsing RSS feed (custom method): cURL error 22: The requested URL returned error: 403  for https://www.indiatoday.in/rss/1206550!<br/>
[7-Nov-2020 23:02:43 UTC] Error in parsing RSS feed (custom method): cURL error 22: The requested URL returned error: 403  for https://www.indiatoday.in/rss/1206550!<br/>
[7-Nov-2020 23:58:24 UTC] Error in parsing RSS feed (custom method): cURL error 22: The requested URL returned error: 403  for https://www.indiatoday.in/rss/1206509!<br/>
[7-Nov-2020 23:58:24 UTC] Error in parsing RSS feed (custom method): cURL error 22: The requested URL returned error: 403  for https://www.indiatoday.in/rss/1206514!<br/>
[8-Nov-2020 03:04:02 UTC] Error in parsing RSS feed (custom method): cURL error 22: The requested URL returned error: 403  for https://www.indiatoday.in/rss/1206550!<br/>
[8-Nov-2020 05:58:59 UTC] Error in parsing RSS feed (custom method): cURL error 22: The requested URL returned error: 403  for https://www.indiatoday.in/rss/1206509!<br/>
[8-Nov-2020 05:59:01 UTC] Error in parsing RSS feed (custom method): cURL error 22: The requested URL returned error: 403  for https://www.indiatoday.in/rss/1206514!<br/>
[8-Nov-2020 07:00:26 UTC] Error in parsing RSS feed (custom method): cURL error 22: The requested URL returned error: 403  for https://www.indiatoday.in/rss/1206550!<br/>
[8-Nov-2020 11:58:40 UTC] Error in parsing RSS feed (custom method): cURL error 22: The requested URL returned error: 403  for https://www.indiatoday.in/rss/1206509!<br/>
[8-Nov-2020 11:58:42 UTC] Error in parsing RSS feed (custom method): cURL error 22: The requested URL returned error: 403  for https://www.indiatoday.in/rss/1206514!<br/>
[8-Nov-2020 13:01:40 UTC] Error in parsing RSS feed (custom method): cURL error 22: The requested URL returned error: 403  for https://www.indiatoday.in/rss/1206550!<br/>
[8-Nov-2020 15:08:14 UTC] Error in parsing RSS feed (custom method): cURL error 22: The requested URL returned error: 403  for https://www.indiatoday.in/rss/1206550!<br/>
[8-Nov-2020 17:58:23 UTC] Error in parsing RSS feed (custom method): cURL error 22: The requested URL returned error: 403  for https://www.indiatoday.in/rss/1206509!<br/>
[8-Nov-2020 17:58:23 UTC] Error in parsing RSS feed (custom method): cURL error 22: The requested URL returned error: 403  for https://www.indiatoday.in/rss/1206514!<br/>
[8-Nov-2020 22:04:38 UTC] Error in parsing RSS feed (custom method): cURL error 22: The requested URL returned error: 403  for https://www.indiatoday.in/rss/1206550!<br/>
[8-Nov-2020 23:01:27 UTC] Error in parsing RSS feed (custom method): cURL error 22: The requested URL returned error: 403  for https://www.indiatoday.in/rss/1206550!<br/>
[8-Nov-2020 23:58:11 UTC] Error in parsing RSS feed (custom method): cURL error 22: The requested URL returned error: 403  for https://www.indiatoday.in/rss/1206509!<br/>
[8-Nov-2020 23:58:11 UTC] Error in parsing RSS feed (custom method): cURL error 22: The requested URL returned error: 403  for https://www.indiatoday.in/rss/1206514!<br/>
[9-Nov-2020 06:05:34 UTC] Error in parsing RSS feed (custom method): cURL error 22: The requested URL returned error: 403  for https://www.indiatoday.in/rss/1206509!<br/>
[9-Nov-2020 06:05:34 UTC] Error in parsing RSS feed (custom method): cURL error 22: The requested URL returned error: 403  for https://www.indiatoday.in/rss/1206550!<br/>
[9-Nov-2020 06:05:34 UTC] Error in parsing RSS feed (custom method): cURL error 22: The requested URL returned error: 403  for https://www.indiatoday.in/rss/1206514!<br/>
[9-Nov-2020 07:15:08 UTC] Error in parsing RSS feed (custom method): cURL error 22: The requested URL returned error: 403  for https://www.indiatoday.in/rss/1206550!<br/>
[9-Nov-2020 12:58:13 UTC] Error in parsing RSS feed (custom method): cURL error 22: The requested URL returned error: 403  for https://www.indiatoday.in/rss/1206509!<br/>
[9-Nov-2020 12:58:13 UTC] Error in parsing RSS feed (custom method): cURL error 22: The requested URL returned error: 403  for https://www.indiatoday.in/rss/1206514!<br/>
[9-Nov-2020 14:01:26 UTC] Error in parsing RSS feed (custom method): cURL error 22: The requested URL returned error: 403  for https://www.indiatoday.in/rss/1206550!<br/>
[9-Nov-2020 18:16:26 UTC] Error in parsing RSS feed (custom method): cURL error 22: The requested URL returned error: 403  for https://www.indiatoday.in/rss/1206550!<br/>
[9-Nov-2020 19:01:51 UTC] Error in parsing RSS feed (custom method): cURL error 22: The requested URL returned error: 403  for https://www.indiatoday.in/rss/1206509!<br/>
[9-Nov-2020 19:01:51 UTC] Error in parsing RSS feed (custom method): cURL error 22: The requested URL returned error: 403  for https://www.indiatoday.in/rss/1206514!<br/>
[9-Nov-2020 21:06:15 UTC] Error in parsing RSS feed (custom method): cURL error 22: The requested URL returned error: 403  for https://www.indiatoday.in/rss/1206550!<br/>
[10-Nov-2020 02:04:51 UTC] Error in parsing RSS feed (custom method): cURL error 22: The requested URL returned error: 403  for https://www.indiatoday.in/rss/1206509!<br/>
[10-Nov-2020 02:04:51 UTC] Error in parsing RSS feed (custom method): cURL error 22: The requested URL returned error: 403  for https://www.indiatoday.in/rss/1206514!<br/>
[10-Nov-2020 04:03:51 UTC] Error in parsing RSS feed (custom method): cURL error 22: The requested URL returned error: 403  for https://www.indiatoday.in/rss/1206550!<br/>
[10-Nov-2020 04:59:53 UTC] Error in parsing RSS feed (custom method): cURL error 22: The requested URL returned error: 403  for https://www.indiatoday.in/rss/1206550!<br/>
[10-Nov-2020 09:13:33 UTC] Error in parsing RSS feed (custom method): cURL error 22: The requested URL returned error: 403  for https://www.indiatoday.in/rss/1206509!<br/>
[10-Nov-2020 09:13:33 UTC] Error in parsing RSS feed (custom method): cURL error 22: The requested URL returned error: 403  for https://www.indiatoday.in/rss/1206514!<br/>
[10-Nov-2020 12:00:51 UTC] Error in parsing RSS feed (custom method): cURL error 22: The requested URL returned error: 403  for https://www.indiatoday.in/rss/1206550!<br/>
[10-Nov-2020 13:10:28 UTC] Error in parsing RSS feed (custom method): cURL error 22: The requested URL returned error: 403  for https://www.indiatoday.in/rss/1206550!<br/>
[10-Nov-2020 15:13:14 UTC] Error in parsing RSS feed (custom method): cURL error 22: The requested URL returned error: 403  for https://www.indiatoday.in/rss/1206509!<br/>
[10-Nov-2020 15:13:14 UTC] Error in parsing RSS feed (custom method): cURL error 22: The requested URL returned error: 403  for https://www.indiatoday.in/rss/1206514!<br/>
[10-Nov-2020 19:08:24 UTC] Error in parsing RSS feed (custom method): cURL error 22: The requested URL returned error: 403  for https://www.indiatoday.in/rss/1206550!<br/>
[10-Nov-2020 22:02:37 UTC] Error in parsing RSS feed (custom method): cURL error 22: The requested URL returned error: 403  for https://www.indiatoday.in/rss/1206509!<br/>
[10-Nov-2020 22:02:38 UTC] Error in parsing RSS feed (custom method): cURL error 22: The requested URL returned error: 403  for https://www.indiatoday.in/rss/1206514!<br/>
[10-Nov-2020 23:06:18 UTC] Error in parsing RSS feed (custom method): cURL error 22: The requested URL returned error: 403  for https://www.indiatoday.in/rss/1206550!<br/>
[11-Nov-2020 02:59:01 UTC] Error in parsing RSS feed (custom method): cURL error 22: The requested URL returned error: 403  for https://www.indiatoday.in/rss/1206550!<br/>
[11-Nov-2020 04:59:30 UTC] Error in parsing RSS feed (custom method): cURL error 22: The requested URL returned error: 403  for https://www.indiatoday.in/rss/1206509!<br/>
[11-Nov-2020 04:59:30 UTC] Error in parsing RSS feed (custom method): cURL error 22: The requested URL returned error: 403  for https://www.indiatoday.in/rss/1206514!<br/>
[11-Nov-2020 09:06:25 UTC] Error in parsing RSS feed (custom method): cURL error 22: The requested URL returned error: 403  for https://www.indiatoday.in/rss/1206550!<br/>
[11-Nov-2020 10:03:15 UTC] Error in parsing RSS feed (custom method): cURL error 22: The requested URL returned error: 403  for https://www.indiatoday.in/rss/1206550!<br/>
[11-Nov-2020 11:00:09 UTC] Error in parsing RSS feed (custom method): cURL error 22: The requested URL returned error: 403  for https://www.indiatoday.in/rss/1206509!<br/>
[11-Nov-2020 11:00:09 UTC] Error in parsing RSS feed (custom method): cURL error 22: The requested URL returned error: 403  for https://www.indiatoday.in/rss/1206514!<br/>
[11-Nov-2020 16:59:42 UTC] Error in parsing RSS feed (custom method): cURL error 22: The requested URL returned error: 403  for https://www.indiatoday.in/rss/1206509!<br/>
[11-Nov-2020 16:59:44 UTC] Error in parsing RSS feed (custom method): cURL error 22: The requested URL returned error: 403  for https://www.indiatoday.in/rss/1206514!<br/>
[11-Nov-2020 18:17:40 UTC] Error in parsing RSS feed (custom method): cURL error 22: The requested URL returned error: 403  for https://www.indiatoday.in/rss/1206550!<br/>
[11-Nov-2020 18:17:42 UTC] Error in parsing RSS feed (custom method): cURL error 22: The requested URL returned error: 403  for https://www.indiatoday.in/rss/1206550!<br/>
[11-Nov-2020 23:04:36 UTC] Error in parsing RSS feed (custom method): cURL error 22: The requested URL returned error: 403  for https://www.indiatoday.in/rss/1206509!<br/>
[11-Nov-2020 23:04:37 UTC] Error in parsing RSS feed (custom method): cURL error 22: The requested URL returned error: 403  for https://www.indiatoday.in/rss/1206514!<br/>
[12-Nov-2020 02:10:35 UTC] Error in parsing RSS feed (custom method): cURL error 22: The requested URL returned error: 403  for https://www.indiatoday.in/rss/1206550!<br/>
[12-Nov-2020 03:52:51 UTC] Error in parsing RSS feed (custom method): cURL error 22: The requested URL returned error: 403  for https://www.indiatoday.in/rss/1206550!<br/>
[12-Nov-2020 06:14:29 UTC] Error in parsing RSS feed (custom method): cURL error 22: The requested URL returned error: 403  for https://www.indiatoday.in/rss/1206509!<br/>
[12-Nov-2020 06:14:32 UTC] Error in parsing RSS feed (custom method): cURL error 22: The requested URL returned error: 403  for https://www.indiatoday.in/rss/1206514!<br/>
[12-Nov-2020 09:58:04 UTC] Error in parsing RSS feed (custom method): cURL error 22: The requested URL returned error: 403  for https://www.indiatoday.in/rss/1206550!<br/>
[12-Nov-2020 13:02:30 UTC] Error in parsing RSS feed (custom method): cURL error 22: The requested URL returned error: 403  for https://www.indiatoday.in/rss/1206509!<br/>
[12-Nov-2020 13:02:31 UTC] Error in parsing RSS feed (custom method): cURL error 22: The requested URL returned error: 403  for https://www.indiatoday.in/rss/1206514!<br/>
[12-Nov-2020 13:02:32 UTC] Error in parsing RSS feed (custom method): cURL error 22: The requested URL returned error: 403  for https://www.indiatoday.in/rss/1206550!<br/>
[12-Nov-2020 16:59:12 UTC] Error in parsing RSS feed (custom method): cURL error 22: The requested URL returned error: 403  for https://www.indiatoday.in/rss/1206550!<br/>
[12-Nov-2020 19:59:30 UTC] Error in parsing RSS feed (custom method): cURL error 22: The requested URL returned error: 403  for https://www.indiatoday.in/rss/1206509!<br/>
[12-Nov-2020 19:59:30 UTC] Error in parsing RSS feed (custom method): cURL error 22: The requested URL returned error: 403  for https://www.indiatoday.in/rss/1206514!<br/>
[12-Nov-2020 22:11:41 UTC] Error in parsing RSS feed (custom method): cURL error 22: The requested URL returned error: 403  for https://www.indiatoday.in/rss/1206550!<br/>
[13-Nov-2020 00:05:20 UTC] Error in parsing RSS feed (custom method): cURL error 22: The requested URL returned error: 403  for https://www.indiatoday.in/rss/1206550!<br/>
[13-Nov-2020 01:58:49 UTC] Error in parsing RSS feed (custom method): cURL error 22: The requested URL returned error: 403  for https://www.indiatoday.in/rss/1206509!<br/>
[13-Nov-2020 01:58:52 UTC] Error in parsing RSS feed (custom method): cURL error 22: The requested URL returned error: 403  for https://www.indiatoday.in/rss/1206514!<br/>
[13-Nov-2020 07:45:44 UTC] Error in parsing RSS feed (custom method): cURL error 22: The requested URL returned error: 403  for https://www.indiatoday.in/rss/1206550!<br/>
[13-Nov-2020 07:45:44 UTC] Error in parsing RSS feed (custom method): cURL error 22: The requested URL returned error: 403  for https://www.indiatoday.in/rss/1206550!<br/>
[13-Nov-2020 08:31:44 UTC] Error in parsing RSS feed (custom method): cURL error 22: The requested URL returned error: 403  for https://www.indiatoday.in/rss/1206509!<br/>
[13-Nov-2020 08:31:44 UTC] Error in parsing RSS feed (custom method): cURL error 22: The requested URL returned error: 403  for https://www.indiatoday.in/rss/1206514!<br/>
[13-Nov-2020 15:09:04 UTC] Error in parsing RSS feed (custom method): cURL error 22: The requested URL returned error: 403  for https://www.indiatoday.in/rss/1206509!<br/>
[13-Nov-2020 15:09:04 UTC] Error in parsing RSS feed (custom method): cURL error 22: The requested URL returned error: 403  for https://www.indiatoday.in/rss/1206550!<br/>
[13-Nov-2020 15:09:04 UTC] Error in parsing RSS feed (custom method): cURL error 22: The requested URL returned error: 403  for https://www.indiatoday.in/rss/1206514!<br/>
[13-Nov-2020 17:08:40 UTC] Error in parsing RSS feed (custom method): cURL error 22: The requested URL returned error: 403  for https://www.indiatoday.in/rss/1206550!<br/>
[13-Nov-2020 22:55:32 UTC] Error in parsing RSS feed (custom method): cURL error 22: The requested URL returned error: 403  for https://www.indiatoday.in/rss/1206509!<br/>
[13-Nov-2020 22:55:35 UTC] Error in parsing RSS feed (custom method): cURL error 22: The requested URL returned error: 403  for https://www.indiatoday.in/rss/1206550!<br/>
[13-Nov-2020 22:55:35 UTC] Error in parsing RSS feed (custom method): cURL error 22: The requested URL returned error: 403  for https://www.indiatoday.in/rss/1206514!<br/>
[14-Nov-2020 02:52:27 UTC] Error in parsing RSS feed (custom method): cURL error 22: The requested URL returned error: 403  for https://www.indiatoday.in/rss/1206550!<br/>
[14-Nov-2020 04:58:24 UTC] Error in parsing RSS feed (custom method): cURL error 22: The requested URL returned error: 403  for https://www.indiatoday.in/rss/1206509!<br/>
[14-Nov-2020 04:58:24 UTC] Error in parsing RSS feed (custom method): cURL error 22: The requested URL returned error: 403  for https://www.indiatoday.in/rss/1206514!<br/>
[14-Nov-2020 06:02:18 UTC] Error in parsing RSS feed (custom method): cURL error 22: The requested URL returned error: 403  for https://www.indiatoday.in/rss/1206550!<br/>
[14-Nov-2020 10:58:26 UTC] Error in parsing RSS feed (custom method): cURL error 22: The requested URL returned error: 403  for https://www.indiatoday.in/rss/1206509!<br/>
[14-Nov-2020 10:58:26 UTC] Error in parsing RSS feed (custom method): cURL error 22: The requested URL returned error: 403  for https://www.indiatoday.in/rss/1206514!<br/>
[14-Nov-2020 12:04:37 UTC] Error in parsing RSS feed (custom method): cURL error 22: The requested URL returned error: 403  for https://www.indiatoday.in/rss/1206550!<br/>
[14-Nov-2020 13:07:24 UTC] Error in parsing RSS feed (custom method): cURL error 22: The requested URL returned error: 403  for https://www.indiatoday.in/rss/1206550!<br/>
[14-Nov-2020 17:10:42 UTC] Error in parsing RSS feed (custom method): cURL error 22: The requested URL returned error: 403  for https://www.indiatoday.in/rss/1206509!<br/>
[14-Nov-2020 17:10:45 UTC] Error in parsing RSS feed (custom method): cURL error 22: The requested URL returned error: 403  for https://www.indiatoday.in/rss/1206514!<br/>
[14-Nov-2020 20:06:28 UTC] Error in parsing RSS feed (custom method): cURL error 22: The requested URL returned error: 403  for https://www.indiatoday.in/rss/1206550!<br/>
[14-Nov-2020 22:01:30 UTC] Error in parsing RSS feed (custom method): cURL error 22: The requested URL returned error: 403  for https://www.indiatoday.in/rss/1206550!<br/>
[15-Nov-2020 00:11:01 UTC] Error in parsing RSS feed (custom method): cURL error 22: The requested URL returned error: 403  for https://www.indiatoday.in/rss/1206509!<br/>
[15-Nov-2020 00:11:01 UTC] Error in parsing RSS feed (custom method): cURL error 22: The requested URL returned error: 403  for https://www.indiatoday.in/rss/1206514!<br/>
[15-Nov-2020 03:59:48 UTC] Error in parsing RSS feed (custom method): cURL error 22: The requested URL returned error: 403  for https://www.indiatoday.in/rss/1206550!<br/>
[15-Nov-2020 07:05:05 UTC] Error in parsing RSS feed (custom method): cURL error 22: The requested URL returned error: 403  for https://www.indiatoday.in/rss/1206509!<br/>
[15-Nov-2020 07:05:11 UTC] Error in parsing RSS feed (custom method): cURL error 22: The requested URL returned error: 403  for https://www.indiatoday.in/rss/1206514!<br/>
[15-Nov-2020 07:05:11 UTC] Error in parsing RSS feed (custom method): cURL error 22: The requested URL returned error: 403  for https://www.indiatoday.in/rss/1206550!<br/>
[15-Nov-2020 12:04:47 UTC] Error in parsing RSS feed (custom method): cURL error 22: The requested URL returned error: 403  for https://www.indiatoday.in/rss/1206550!<br/>
[15-Nov-2020 13:58:06 UTC] Error in parsing RSS feed (custom method): cURL error 22: The requested URL returned error: 403  for https://www.indiatoday.in/rss/1206509!<br/>
[15-Nov-2020 13:58:06 UTC] Error in parsing RSS feed (custom method): cURL error 22: The requested URL returned error: 403  for https://www.indiatoday.in/rss/1206514!<br/>
[15-Nov-2020 16:59:17 UTC] Error in parsing RSS feed (custom method): cURL error 22: The requested URL returned error: 403  for https://www.indiatoday.in/rss/1206550!<br/>
[15-Nov-2020 20:04:00 UTC] Error in parsing RSS feed (custom method): cURL error 22: The requested URL returned error: 403  for https://www.indiatoday.in/rss/1206509!<br/>
[15-Nov-2020 20:04:02 UTC] Error in parsing RSS feed (custom method): cURL error 22: The requested URL returned error: 403  for https://www.indiatoday.in/rss/1206550!<br/>
[15-Nov-2020 20:04:02 UTC] Error in parsing RSS feed (custom method): cURL error 22: The requested URL returned error: 403  for https://www.indiatoday.in/rss/1206514!<br/>
[16-Nov-2020 02:02:21 UTC] Error in parsing RSS feed (custom method): cURL error 22: The requested URL returned error: 403  for https://www.indiatoday.in/rss/1206550!<br/>
[16-Nov-2020 03:18:48 UTC] Error in parsing RSS feed (custom method): cURL error 22: The requested URL returned error: 403  for https://www.indiatoday.in/rss/1206509!<br/>
[16-Nov-2020 03:18:48 UTC] Error in parsing RSS feed (custom method): cURL error 22: The requested URL returned error: 403  for https://www.indiatoday.in/rss/1206550!<br/>
[16-Nov-2020 03:18:48 UTC] Error in parsing RSS feed (custom method): cURL error 22: The requested URL returned error: 403  for https://www.indiatoday.in/rss/1206514!<br/>
[16-Nov-2020 10:05:48 UTC] Error in parsing RSS feed (custom method): cURL error 22: The requested URL returned error: 403  for https://www.indiatoday.in/rss/1206509!<br/>
[16-Nov-2020 10:05:51 UTC] Error in parsing RSS feed (custom method): cURL error 22: The requested URL returned error: 403  for https://www.indiatoday.in/rss/1206514!<br/>
[16-Nov-2020 11:02:58 UTC] Error in parsing RSS feed (custom method): cURL error 22: The requested URL returned error: 403  for https://www.indiatoday.in/rss/1206550!<br/>
[16-Nov-2020 11:03:01 UTC] Error in parsing RSS feed (custom method): cURL error 22: The requested URL returned error: 403  for https://www.indiatoday.in/rss/1206550!<br/>
[16-Nov-2020 18:02:14 UTC] Error in parsing RSS feed (custom method): cURL error 22: The requested URL returned error: 403  for https://www.indiatoday.in/rss/1206509!<br/>
[16-Nov-2020 18:02:14 UTC] Error in parsing RSS feed (custom method): cURL error 22: The requested URL returned error: 403  for https://www.indiatoday.in/rss/1206550!<br/>
[16-Nov-2020 18:02:14 UTC] Error in parsing RSS feed (custom method): cURL error 22: The requested URL returned error: 403  for https://www.indiatoday.in/rss/1206514!<br/>
[16-Nov-2020 20:03:33 UTC] Error in parsing RSS feed (custom method): cURL error 22: The requested URL returned error: 403  for https://www.indiatoday.in/rss/1206550!<br/>
[17-Nov-2020 01:03:51 UTC] Error in parsing RSS feed (custom method): cURL error 22: The requested URL returned error: 403  for https://www.indiatoday.in/rss/1206509!<br/>
[17-Nov-2020 01:03:51 UTC] Error in parsing RSS feed (custom method): cURL error 22: The requested URL returned error: 403  for https://www.indiatoday.in/rss/1206550!<br/>
[17-Nov-2020 01:03:51 UTC] Error in parsing RSS feed (custom method): cURL error 22: The requested URL returned error: 403  for https://www.indiatoday.in/rss/1206514!<br/>
[17-Nov-2020 06:01:14 UTC] Error in parsing RSS feed (custom method): cURL error 22: The requested URL returned error: 403  for https://www.indiatoday.in/rss/1206550!<br/>
[17-Nov-2020 08:02:26 UTC] Error in parsing RSS feed (custom method): cURL error 22: The requested URL returned error: 403  for https://www.indiatoday.in/rss/1206509!<br/>
[17-Nov-2020 08:02:28 UTC] Error in parsing RSS feed (custom method): cURL error 22: The requested URL returned error: 403  for https://www.indiatoday.in/rss/1206514!<br/>
[17-Nov-2020 09:00:42 UTC] Error in parsing RSS feed (custom method): cURL error 22: The requested URL returned error: 403  for https://www.indiatoday.in/rss/1206550!<br/>
[17-Nov-2020 14:01:38 UTC] Error in parsing RSS feed (custom method): cURL error 22: The requested URL returned error: 403  for https://www.indiatoday.in/rss/1206509!<br/>
[17-Nov-2020 14:01:41 UTC] Error in parsing RSS feed (custom method): cURL error 22: The requested URL returned error: 403  for https://www.indiatoday.in/rss/1206514!<br/>
[17-Nov-2020 16:37:05 UTC] Error in parsing RSS feed (custom method): cURL error 22: The requested URL returned error: 403  for https://www.indiatoday.in/rss/1206550!<br/>
[17-Nov-2020 16:37:08 UTC] Error in parsing RSS feed (custom method): cURL error 22: The requested URL returned error: 403  for https://www.indiatoday.in/rss/1206550!<br/>
[17-Nov-2020 20:01:23 UTC] Error in parsing RSS feed (custom method): cURL error 22: The requested URL returned error: 403  for https://www.indiatoday.in/rss/1206509!<br/>
[17-Nov-2020 20:01:23 UTC] Error in parsing RSS feed (custom method): cURL error 22: The requested URL returned error: 403  for https://www.indiatoday.in/rss/1206514!<br/>
[17-Nov-2020 23:59:58 UTC] Error in parsing RSS feed (custom method): cURL error 22: The requested URL returned error: 403  for https://www.indiatoday.in/rss/1206550!<br/>
[18-Nov-2020 01:58:14 UTC] Error in parsing RSS feed (custom method): cURL error 22: The requested URL returned error: 403  for https://www.indiatoday.in/rss/1206550!<br/>
[18-Nov-2020 02:59:06 UTC] Error in parsing RSS feed (custom method): cURL error 22: The requested URL returned error: 403  for https://www.indiatoday.in/rss/1206509!<br/>
[18-Nov-2020 02:59:06 UTC] Error in parsing RSS feed (custom method): cURL error 22: The requested URL returned error: 403  for https://www.indiatoday.in/rss/1206514!<br/>
[18-Nov-2020 07:02:25 UTC] Error in parsing RSS feed (custom method): cURL error 22: The requested URL returned error: 403  for https://www.indiatoday.in/rss/1206550!<br/>
[18-Nov-2020 08:59:36 UTC] Error in parsing RSS feed (custom method): cURL error 22: The requested URL returned error: 403  for https://www.indiatoday.in/rss/1206509!<br/>
[18-Nov-2020 08:59:37 UTC] Error in parsing RSS feed (custom method): cURL error 22: The requested URL returned error: 403  for https://www.indiatoday.in/rss/1206514!<br/>
[18-Nov-2020 11:04:20 UTC] Error in parsing RSS feed (custom method): cURL error 22: The requested URL returned error: 403  for https://www.indiatoday.in/rss/1206550!<br/>
[18-Nov-2020 14:02:39 UTC] Error in parsing RSS feed (custom method): cURL error 22: The requested URL returned error: 403  for https://www.indiatoday.in/rss/1206550!<br/>
[18-Nov-2020 15:04:58 UTC] Error in parsing RSS feed (custom method): cURL error 22: The requested URL returned error: 403  for https://www.indiatoday.in/rss/1206509!<br/>
[18-Nov-2020 15:04:58 UTC] Error in parsing RSS feed (custom method): cURL error 22: The requested URL returned error: 403  for https://www.indiatoday.in/rss/1206514!<br/>
[18-Nov-2020 20:59:02 UTC] Error in parsing RSS feed (custom method): cURL error 22: The requested URL returned error: 403  for https://www.indiatoday.in/rss/1206550!<br/>
[18-Nov-2020 22:02:43 UTC] Error in parsing RSS feed (custom method): cURL error 22: The requested URL returned error: 403  for https://www.indiatoday.in/rss/1206509!<br/>
[18-Nov-2020 22:02:44 UTC] Error in parsing RSS feed (custom method): cURL error 22: The requested URL returned error: 403  for https://www.indiatoday.in/rss/1206550!<br/>
[18-Nov-2020 22:02:44 UTC] Error in parsing RSS feed (custom method): cURL error 22: The requested URL returned error: 403  for https://www.indiatoday.in/rss/1206514!<br/>
[19-Nov-2020 05:01:51 UTC] Error in parsing RSS feed (custom method): cURL error 22: The requested URL returned error: 403  for https://www.indiatoday.in/rss/1206509!<br/>
[19-Nov-2020 05:01:55 UTC] Error in parsing RSS feed (custom method): cURL error 22: The requested URL returned error: 403  for https://www.indiatoday.in/rss/1206550!<br/>
[19-Nov-2020 05:01:55 UTC] Error in parsing RSS feed (custom method): cURL error 22: The requested URL returned error: 403  for https://www.indiatoday.in/rss/1206514!<br/>
[19-Nov-2020 05:58:45 UTC] Error in parsing RSS feed (custom method): cURL error 22: The requested URL returned error: 403  for https://www.indiatoday.in/rss/1206550!<br/>
[19-Nov-2020 11:58:19 UTC] Error in parsing RSS feed (custom method): cURL error 22: The requested URL returned error: 403  for https://www.indiatoday.in/rss/1206509!<br/>
[19-Nov-2020 11:58:19 UTC] Error in parsing RSS feed (custom method): cURL error 22: The requested URL returned error: 403  for https://www.indiatoday.in/rss/1206514!<br/>
[19-Nov-2020 13:06:16 UTC] Error in parsing RSS feed (custom method): cURL error 22: The requested URL returned error: 403  for https://www.indiatoday.in/rss/1206550!<br/>
[19-Nov-2020 14:58:15 UTC] Error in parsing RSS feed (custom method): cURL error 22: The requested URL returned error: 403  for https://www.indiatoday.in/rss/1206550!<br/>
[19-Nov-2020 18:01:06 UTC] Error in parsing RSS feed (custom method): cURL error 22: The requested URL returned error: 403  for https://www.indiatoday.in/rss/1206509!<br/>
[19-Nov-2020 18:01:08 UTC] Error in parsing RSS feed (custom method): cURL error 22: The requested URL returned error: 403  for https://www.indiatoday.in/rss/1206514!<br/>
[19-Nov-2020 21:05:15 UTC] Error in parsing RSS feed (custom method): cURL error 22: The requested URL returned error: 403  for https://www.indiatoday.in/rss/1206550!<br/>
[19-Nov-2020 23:59:02 UTC] Error in parsing RSS feed (custom method): cURL error 22: The requested URL returned error: 403  for https://www.indiatoday.in/rss/1206550!<br/>
[20-Nov-2020 01:04:10 UTC] Error in parsing RSS feed (custom method): cURL error 22: The requested URL returned error: 403  for https://www.indiatoday.in/rss/1206509!<br/>
[20-Nov-2020 01:04:11 UTC] Error in parsing RSS feed (custom method): cURL error 22: The requested URL returned error: 403  for https://www.indiatoday.in/rss/1206514!<br/>
[20-Nov-2020 04:58:01 UTC] Error in parsing RSS feed (custom method): cURL error 22: The requested URL returned error: 403  for https://www.indiatoday.in/rss/1206550!<br/>
[20-Nov-2020 07:59:40 UTC] Error in parsing RSS feed (custom method): cURL error 22: The requested URL returned error: 403  for https://www.indiatoday.in/rss/1206509!<br/>
[20-Nov-2020 07:59:40 UTC] Error in parsing RSS feed (custom method): cURL error 22: The requested URL returned error: 403  for https://www.indiatoday.in/rss/1206514!<br/>
[20-Nov-2020 09:07:18 UTC] Error in parsing RSS feed (custom method): cURL error 22: The requested URL returned error: 403  for https://www.indiatoday.in/rss/1206550!<br/>
[20-Nov-2020 12:05:51 UTC] Error in parsing RSS feed (custom method): cURL error 22: The requested URL returned error: 403  for https://www.indiatoday.in/rss/1206550!<br/>
[20-Nov-2020 15:07:29 UTC] Error in parsing RSS feed (custom method): cURL error 22: The requested URL returned error: 403  for https://www.indiatoday.in/rss/1206509!<br/>
[20-Nov-2020 15:07:29 UTC] Error in parsing RSS feed (custom method): cURL error 22: The requested URL returned error: 403  for https://www.indiatoday.in/rss/1206514!<br/>
[20-Nov-2020 18:09:40 UTC] Error in parsing RSS feed (custom method): cURL error 22: The requested URL returned error: 403  for https://www.indiatoday.in/rss/1206550!<br/>
[20-Nov-2020 19:12:24 UTC] Error in parsing RSS feed (custom method): cURL error 22: The requested URL returned error: 403  for https://www.indiatoday.in/rss/1206550!<br/>
[20-Nov-2020 21:24:06 UTC] Error in parsing RSS feed (custom method): cURL error 22: The requested URL returned error: 403  for https://www.indiatoday.in/rss/1206509!<br/>
[20-Nov-2020 21:24:06 UTC] Error in parsing RSS feed (custom method): cURL error 22: The requested URL returned error: 403  for https://www.indiatoday.in/rss/1206514!<br/>
[21-Nov-2020 02:58:26 UTC] Error in parsing RSS feed (custom method): cURL error 22: The requested URL returned error: 403  for https://www.indiatoday.in/rss/1206550!<br/>
[21-Nov-2020 04:01:19 UTC] Error in parsing RSS feed (custom method): cURL error 22: The requested URL returned error: 403  for https://www.indiatoday.in/rss/1206509!<br/>
[21-Nov-2020 04:01:20 UTC] Error in parsing RSS feed (custom method): cURL error 22: The requested URL returned error: 403  for https://www.indiatoday.in/rss/1206514!<br/>
[21-Nov-2020 04:01:20 UTC] Error in parsing RSS feed (custom method): cURL error 22: The requested URL returned error: 403  for https://www.indiatoday.in/rss/1206550!<br/>
[21-Nov-2020 10:03:16 UTC] Error in parsing RSS feed (custom method): cURL error 22: The requested URL returned error: 403  for https://www.indiatoday.in/rss/1206509!<br/>
[21-Nov-2020 10:03:17 UTC] Error in parsing RSS feed (custom method): cURL error 22: The requested URL returned error: 403  for https://www.indiatoday.in/rss/1206550!<br/>
[21-Nov-2020 10:03:17 UTC] Error in parsing RSS feed (custom method): cURL error 22: The requested URL returned error: 403  for https://www.indiatoday.in/rss/1206514!<br/>
[21-Nov-2020 13:00:40 UTC] Error in parsing RSS feed (custom method): cURL error 22: The requested URL returned error: 403  for https://www.indiatoday.in/rss/1206550!<br/>
[21-Nov-2020 16:31:33 UTC] Error in parsing RSS feed (custom method): cURL error 22: The requested URL returned error: 403  for https://www.indiatoday.in/rss/1206509!<br/>
[21-Nov-2020 16:31:33 UTC] Error in parsing RSS feed (custom method): cURL error 22: The requested URL returned error: 403  for https://www.indiatoday.in/rss/1206514!<br/>
[21-Nov-2020 17:38:14 UTC] Error in parsing RSS feed (custom method): cURL error 22: The requested URL returned error: 403  for https://www.indiatoday.in/rss/1206550!<br/>
[21-Nov-2020 22:11:22 UTC] Error in parsing RSS feed (custom method): cURL error 22: The requested URL returned error: 403  for https://www.indiatoday.in/rss/1206550!<br/>
[21-Nov-2020 23:11:42 UTC] Error in parsing RSS feed (custom method): cURL error 22: The requested URL returned error: 403  for https://www.indiatoday.in/rss/1206509!<br/>
[21-Nov-2020 23:11:42 UTC] Error in parsing RSS feed (custom method): cURL error 22: The requested URL returned error: 403  for https://www.indiatoday.in/rss/1206514!<br/>
[22-Nov-2020 02:28:23 UTC] Error in parsing RSS feed (custom method): cURL error 22: The requested URL returned error: 403  for https://www.indiatoday.in/rss/1206550!<br/>
[22-Nov-2020 06:00:39 UTC] Error in parsing RSS feed (custom method): cURL error 22: The requested URL returned error: 403  for https://www.indiatoday.in/rss/1206509!<br/>
[22-Nov-2020 06:00:39 UTC] Error in parsing RSS feed (custom method): cURL error 22: The requested URL returned error: 403  for https://www.indiatoday.in/rss/1206514!<br/>
[22-Nov-2020 07:59:46 UTC] Error in parsing RSS feed (custom method): cURL error 22: The requested URL returned error: 403  for https://www.indiatoday.in/rss/1206550!<br/>
[22-Nov-2020 10:03:00 UTC] Error in parsing RSS feed (custom method): cURL error 22: The requested URL returned error: 403  for https://www.indiatoday.in/rss/1206550!<br/>
[22-Nov-2020 12:05:50 UTC] Error in parsing RSS feed (custom method): cURL error 22: The requested URL returned error: 403  for https://www.indiatoday.in/rss/1206509!<br/>
[22-Nov-2020 12:05:53 UTC] Error in parsing RSS feed (custom method): cURL error 22: The requested URL returned error: 403  for https://www.indiatoday.in/rss/1206514!<br/>
[22-Nov-2020 16:59:12 UTC] Error in parsing RSS feed (custom method): cURL error 22: The requested URL returned error: 403  for https://www.indiatoday.in/rss/1206550!<br/>
[22-Nov-2020 18:01:24 UTC] Error in parsing RSS feed (custom method): cURL error 22: The requested URL returned error: 403  for https://www.indiatoday.in/rss/1206550!<br/>
[22-Nov-2020 18:59:09 UTC] Error in parsing RSS feed (custom method): cURL error 22: The requested URL returned error: 403  for https://www.indiatoday.in/rss/1206509!<br/>
[22-Nov-2020 18:59:11 UTC] Error in parsing RSS feed (custom method): cURL error 22: The requested URL returned error: 403  for https://www.indiatoday.in/rss/1206514!<br/>
[23-Nov-2020 03:47:58 UTC] Error in parsing RSS feed (custom method): cURL error 22: The requested URL returned error: 403  for https://www.indiatoday.in/rss/1206509!<br/>
[23-Nov-2020 03:48:02 UTC] Error in parsing RSS feed (custom method): cURL error 22: The requested URL returned error: 403  for https://www.indiatoday.in/rss/1206550!<br/>
[23-Nov-2020 03:48:02 UTC] Error in parsing RSS feed (custom method): cURL error 22: The requested URL returned error: 403  for https://www.indiatoday.in/rss/1206514!<br/>
[23-Nov-2020 03:48:05 UTC] Error in parsing RSS feed (custom method): cURL error 22: The requested URL returned error: 403  for https://www.indiatoday.in/rss/1206550!<br/>
[23-Nov-2020 10:00:46 UTC] Error in parsing RSS feed (custom method): cURL error 22: The requested URL returned error: 403  for https://www.indiatoday.in/rss/1206509!<br/>
[23-Nov-2020 10:00:49 UTC] Error in parsing RSS feed (custom method): cURL error 22: The requested URL returned error: 403  for https://www.indiatoday.in/rss/1206514!<br/>
[23-Nov-2020 11:11:52 UTC] Error in parsing RSS feed (custom method): cURL error 22: The requested URL returned error: 403  for https://www.indiatoday.in/rss/1206550!<br/>
[23-Nov-2020 12:58:41 UTC] Error in parsing RSS feed (custom method): cURL error 22: The requested URL returned error: 403  for https://www.indiatoday.in/rss/1206550!<br/>
[23-Nov-2020 16:00:29 UTC] Error in parsing RSS feed (custom method): cURL error 22: The requested URL returned error: 403  for https://www.indiatoday.in/rss/1206509!<br/>
[23-Nov-2020 16:00:29 UTC] Error in parsing RSS feed (custom method): cURL error 22: The requested URL returned error: 403  for https://www.indiatoday.in/rss/1206514!<br/>
[23-Nov-2020 19:00:22 UTC] Error in parsing RSS feed (custom method): cURL error 22: The requested URL returned error: 403  for https://www.indiatoday.in/rss/1206550!<br/>
[23-Nov-2020 23:06:33 UTC] Error in parsing RSS feed (custom method): cURL error 22: The requested URL returned error: 403  for https://www.indiatoday.in/rss/1206509!<br/>
[23-Nov-2020 23:06:37 UTC] Error in parsing RSS feed (custom method): cURL error 22: The requested URL returned error: 403  for https://www.indiatoday.in/rss/1206514!<br/>
[23-Nov-2020 23:06:37 UTC] Error in parsing RSS feed (custom method): cURL error 22: The requested URL returned error: 403  for https://www.indiatoday.in/rss/1206550!<br/>
[24-Nov-2020 03:58:25 UTC] Error in parsing RSS feed (custom method): cURL error 22: The requested URL returned error: 403  for https://www.indiatoday.in/rss/1206550!<br/>
[24-Nov-2020 05:58:32 UTC] Error in parsing RSS feed (custom method): cURL error 22: The requested URL returned error: 403  for https://www.indiatoday.in/rss/1206509!<br/>
[24-Nov-2020 05:58:32 UTC] Error in parsing RSS feed (custom method): cURL error 22: The requested URL returned error: 403  for https://www.indiatoday.in/rss/1206514!<br/>
[24-Nov-2020 08:59:04 UTC] Error in parsing RSS feed (custom method): cURL error 22: The requested URL returned error: 403  for https://www.indiatoday.in/rss/1206550!<br/>
[24-Nov-2020 11:07:45 UTC] Error in parsing RSS feed (custom method): cURL error 22: The requested URL returned error: 403  for https://www.indiatoday.in/rss/1206550!<br/>
[24-Nov-2020 12:08:10 UTC] Error in parsing RSS feed (custom method): cURL error 22: The requested URL returned error: 403  for https://www.indiatoday.in/rss/1206509!<br/>
[24-Nov-2020 12:08:12 UTC] Error in parsing RSS feed (custom method): cURL error 22: The requested URL returned error: 403  for https://www.indiatoday.in/rss/1206514!<br/>
[24-Nov-2020 18:00:43 UTC] Error in parsing RSS feed (custom method): cURL error 22: The requested URL returned error: 403  for https://www.indiatoday.in/rss/1206550!<br/>
[24-Nov-2020 19:03:34 UTC] Error in parsing RSS feed (custom method): cURL error 22: The requested URL returned error: 403  for https://www.indiatoday.in/rss/1206509!<br/>
[24-Nov-2020 19:03:34 UTC] Error in parsing RSS feed (custom method): cURL error 22: The requested URL returned error: 403  for https://www.indiatoday.in/rss/1206550!<br/>
[24-Nov-2020 19:03:34 UTC] Error in parsing RSS feed (custom method): cURL error 22: The requested URL returned error: 403  for https://www.indiatoday.in/rss/1206514!<br/>
[25-Nov-2020 01:07:13 UTC] Error in parsing RSS feed (custom method): cURL error 22: The requested URL returned error: 403  for https://www.indiatoday.in/rss/1206509!<br/>
[25-Nov-2020 01:07:13 UTC] Error in parsing RSS feed (custom method): cURL error 22: The requested URL returned error: 403  for https://www.indiatoday.in/rss/1206514!<br/>
[25-Nov-2020 02:07:59 UTC] Error in parsing RSS feed (custom method): cURL error 22: The requested URL returned error: 403  for https://www.indiatoday.in/rss/1206550!<br/>
[25-Nov-2020 03:23:32 UTC] Error in parsing RSS feed (custom method): cURL error 22: The requested URL returned error: 403  for https://www.indiatoday.in/rss/1206550!<br/>
[25-Nov-2020 07:52:39 UTC] Error in parsing RSS feed (custom method): cURL error 22: The requested URL returned error: 403  for https://www.indiatoday.in/rss/1206509!<br/>
[25-Nov-2020 07:52:44 UTC] Error in parsing RSS feed (custom method): cURL error 22: The requested URL returned error: 403  for https://www.indiatoday.in/rss/1206514!<br/>
[25-Nov-2020 10:14:47 UTC] Failed to exec curl in echo_curl_exec_utf8! Operation timed out after 10001 milliseconds with 0 bytes received - 28<br/>
[25-Nov-2020 10:15:02 UTC] Error in parsing RSS feed (custom method): cURL error 22: The requested URL returned error: 403  for https://www.indiatoday.in/rss/1206550!<br/>
[25-Nov-2020 13:36:57 UTC] Error in parsing RSS feed (custom method): cURL error 22: The requested URL returned error: 403  for https://www.indiatoday.in/rss/1206550!<br/>
[25-Nov-2020 14:26:22 UTC] Error in parsing RSS feed (custom method): cURL error 22: The requested URL returned error: 403  for https://www.indiatoday.in/rss/1206509!<br/>
[25-Nov-2020 14:26:23 UTC] Error in parsing RSS feed (custom method): cURL error 22: The requested URL returned error: 403  for https://www.indiatoday.in/rss/1206514!<br/>
[25-Nov-2020 18:03:14 UTC] Error in parsing RSS feed (custom method): cURL error 22: The requested URL returned error: 403  for https://www.indiatoday.in/rss/1206550!<br/>
[25-Nov-2020 21:43:23 UTC] Error in parsing RSS feed (custom method): cURL error 22: The requested URL returned error: 403  for https://www.indiatoday.in/rss/1206509!<br/>
[25-Nov-2020 21:43:23 UTC] Error in parsing RSS feed (custom method): cURL error 22: The requested URL returned error: 403  for https://www.indiatoday.in/rss/1206514!<br/>
[26-Nov-2020 00:08:47 UTC] Error in parsing RSS feed (custom method): cURL error 22: The requested URL returned error: 403  for https://www.indiatoday.in/rss/1206550!<br/>
[26-Nov-2020 01:20:12 UTC] Error in parsing RSS feed (custom method): cURL error 22: The requested URL returned error: 403  for https://www.indiatoday.in/rss/1206550!<br/>
[26-Nov-2020 05:16:48 UTC] Error in parsing RSS feed (custom method): cURL error 22: The requested URL returned error: 403  for https://www.indiatoday.in/rss/1206509!<br/>
[26-Nov-2020 05:16:50 UTC] Error in parsing RSS feed (custom method): cURL error 22: The requested URL returned error: 403  for https://www.indiatoday.in/rss/1206514!<br/>
[26-Nov-2020 09:09:12 UTC] Error in parsing RSS feed (custom method): cURL error 22: The requested URL returned error: 403  for https://www.indiatoday.in/rss/1206550!<br/>
[26-Nov-2020 09:09:12 UTC] Error in parsing RSS feed (custom method): cURL error 22: The requested URL returned error: 403  for https://www.indiatoday.in/rss/1206550!<br/>
[26-Nov-2020 13:18:14 UTC] Error in parsing RSS feed (custom method): cURL error 22: The requested URL returned error: 403  for https://www.indiatoday.in/rss/1206509!<br/>
[26-Nov-2020 13:18:14 UTC] Error in parsing RSS feed (custom method): cURL error 22: The requested URL returned error: 403  for https://www.indiatoday.in/rss/1206514!<br/>
[26-Nov-2020 17:01:18 UTC] Error in parsing RSS feed (custom method): cURL error 22: The requested URL returned error: 403  for https://www.indiatoday.in/rss/1206550!<br/>
[26-Nov-2020 18:59:54 UTC] Error in parsing RSS feed (custom method): cURL error 22: The requested URL returned error: 403  for https://www.indiatoday.in/rss/1206550!<br/>
[26-Nov-2020 20:06:00 UTC] Error in parsing RSS feed (custom method): cURL error 22: The requested URL returned error: 403  for https://www.indiatoday.in/rss/1206509!<br/>
[26-Nov-2020 20:06:00 UTC] Error in parsing RSS feed (custom method): cURL error 22: The requested URL returned error: 403  for https://www.indiatoday.in/rss/1206514!<br/>
[27-Nov-2020 00:59:33 UTC] Error in parsing RSS feed (custom method): cURL error 22: The requested URL returned error: 403  for https://www.indiatoday.in/rss/1206550!<br/>
[27-Nov-2020 02:05:44 UTC] Error in parsing RSS feed (custom method): cURL error 22: The requested URL returned error: 403  for https://www.indiatoday.in/rss/1206509!<br/>
[27-Nov-2020 02:05:46 UTC] Error in parsing RSS feed (custom method): cURL error 22: The requested URL returned error: 403  for https://www.indiatoday.in/rss/1206514!<br/>
[27-Nov-2020 03:59:19 UTC] Error in parsing RSS feed (custom method): cURL error 22: The requested URL returned error: 403  for https://www.indiatoday.in/rss/1206550!<br/>
[27-Nov-2020 09:02:21 UTC] Error in parsing RSS feed (custom method): cURL error 22: The requested URL returned error: 403  for https://www.indiatoday.in/rss/1206509!<br/>
[27-Nov-2020 09:02:24 UTC] Error in parsing RSS feed (custom method): cURL error 22: The requested URL returned error: 403  for https://www.indiatoday.in/rss/1206550!<br/>
[27-Nov-2020 09:02:24 UTC] Error in parsing RSS feed (custom method): cURL error 22: The requested URL returned error: 403  for https://www.indiatoday.in/rss/1206514!<br/>
[27-Nov-2020 12:58:51 UTC] Error in parsing RSS feed (custom method): cURL error 22: The requested URL returned error: 403  for https://www.indiatoday.in/rss/1206550!<br/>
[27-Nov-2020 15:01:53 UTC] Error in parsing RSS feed (custom method): cURL error 22: The requested URL returned error: 403  for https://www.indiatoday.in/rss/1206509!<br/>
[27-Nov-2020 15:01:53 UTC] Error in parsing RSS feed (custom method): cURL error 22: The requested URL returned error: 403  for https://www.indiatoday.in/rss/1206514!<br/>
[27-Nov-2020 17:05:17 UTC] Error in parsing RSS feed (custom method): cURL error 22: The requested URL returned error: 403  for https://www.indiatoday.in/rss/1206550!<br/>
[27-Nov-2020 21:01:42 UTC] Error in parsing RSS feed (custom method): cURL error 22: The requested URL returned error: 403  for https://www.indiatoday.in/rss/1206509!<br/>
[27-Nov-2020 21:01:42 UTC] Error in parsing RSS feed (custom method): cURL error 22: The requested URL returned error: 403  for https://www.indiatoday.in/rss/1206514!<br/>
[27-Nov-2020 22:05:49 UTC] Error in parsing RSS feed (custom method): cURL error 22: The requested URL returned error: 403  for https://www.indiatoday.in/rss/1206550!<br/>
[28-Nov-2020 00:08:00 UTC] Error in parsing RSS feed (custom method): cURL error 22: The requested URL returned error: 403  for https://www.indiatoday.in/rss/1206550!<br/>
[28-Nov-2020 03:38:46 UTC] Error in parsing RSS feed (custom method): cURL error 22: The requested URL returned error: 403  for https://www.indiatoday.in/rss/1206509!<br/>
[28-Nov-2020 03:38:49 UTC] Error in parsing RSS feed (custom method): cURL error 22: The requested URL returned error: 403  for https://www.indiatoday.in/rss/1206514!<br/>
[28-Nov-2020 08:20:24 UTC] Error in parsing RSS feed (custom method): cURL error 22: The requested URL returned error: 403  for https://www.indiatoday.in/rss/1206550!<br/>
[28-Nov-2020 08:20:24 UTC] Error in parsing RSS feed (custom method): cURL error 22: The requested URL returned error: 403  for https://www.indiatoday.in/rss/1206550!<br/>
[28-Nov-2020 10:11:55 UTC] Error in parsing RSS feed (custom method): cURL error 22: The requested URL returned error: 403  for https://www.indiatoday.in/rss/1206509!<br/>
[28-Nov-2020 10:11:55 UTC] Error in parsing RSS feed (custom method): cURL error 22: The requested URL returned error: 403  for https://www.indiatoday.in/rss/1206514!<br/>
[28-Nov-2020 15:58:14 UTC] Error in parsing RSS feed (custom method): cURL error 22: The requested URL returned error: 403  for https://www.indiatoday.in/rss/1206550!<br/>
[28-Nov-2020 17:04:34 UTC] Error in parsing RSS feed (custom method): cURL error 22: The requested URL returned error: 403  for https://www.indiatoday.in/rss/1206509!<br/>
[28-Nov-2020 17:04:37 UTC] Error in parsing RSS feed (custom method): cURL error 22: The requested URL returned error: 403  for https://www.indiatoday.in/rss/1206514!<br/>
[28-Nov-2020 18:01:18 UTC] Error in parsing RSS feed (custom method): cURL error 22: The requested URL returned error: 403  for https://www.indiatoday.in/rss/1206550!<br/>
[28-Nov-2020 23:51:30 UTC] Error in parsing RSS feed (custom method): cURL error 22: The requested URL returned error: 403  for https://www.indiatoday.in/rss/1206509!<br/>
[28-Nov-2020 23:51:30 UTC] Error in parsing RSS feed (custom method): cURL error 22: The requested URL returned error: 403  for https://www.indiatoday.in/rss/1206550!<br/>
[28-Nov-2020 23:51:30 UTC] Error in parsing RSS feed (custom method): cURL error 22: The requested URL returned error: 403  for https://www.indiatoday.in/rss/1206514!<br/>
[29-Nov-2020 03:34:51 UTC] Error in parsing RSS feed (custom method): cURL error 22: The requested URL returned error: 403  for https://www.indiatoday.in/rss/1206550!<br/>
[29-Nov-2020 06:08:13 UTC] Error in parsing RSS feed (custom method): cURL error 22: The requested URL returned error: 403  for https://www.indiatoday.in/rss/1206509!<br/>
[29-Nov-2020 06:08:15 UTC] Error in parsing RSS feed (custom method): cURL error 22: The requested URL returned error: 403  for https://www.indiatoday.in/rss/1206514!<br/>
[29-Nov-2020 07:00:07 UTC] Error in parsing RSS feed (custom method): cURL error 22: The requested URL returned error: 403  for https://www.indiatoday.in/rss/1206550!<br/>
[30-Nov-2020 12:59:31 UTC] Error in parsing RSS feed (custom method): cURL error 22: The requested URL returned error: 403  for https://www.indiatoday.in/rss/1206509!<br/>
[30-Nov-2020 12:59:38 UTC] Error in parsing RSS feed (custom method): cURL error 22: The requested URL returned error: 403  for https://www.indiatoday.in/rss/1206550!<br/>
[30-Nov-2020 12:59:38 UTC] Error in parsing RSS feed (custom method): cURL error 22: The requested URL returned error: 403  for https://www.indiatoday.in/rss/1206514!<br/>
[30-Nov-2020 12:59:41 UTC] Error in parsing RSS feed (custom method): cURL error 22: The requested URL returned error: 403  for https://www.indiatoday.in/rss/1206550!<br/>
